#
# A fatal error has been detected by the Java Runtime Environment:
#
#  EXCEPTION_ACCESS_VIOLATION (0xc0000005) at pc=0x00007ffc95634bf1, pid=1916, tid=36856
#
# JRE version: OpenJDK Runtime Environment (23.0+37) (build 23+37-2369)
# Java VM: OpenJDK 64-Bit Server VM (23+37-2369, mixed mode, sharing, tiered, compressed oops, compressed class ptrs, g1 gc, windows-amd64)
# Problematic frame:
# C  0x00007ffc95634bf1
#
# No core dump will be written. Minidumps are not enabled by default on client versions of Windows
#
# If you would like to submit a bug report, please visit:
#   https://bugreport.java.com/bugreport/crash.jsp
# The crash happened outside the Java Virtual Machine in native code.
# See problematic frame for where to report the bug.
#

---------------  S U M M A R Y ------------

Command Line: -javaagent:C:\Program Files\JetBrains\IntelliJ IDEA 2024.2.1\lib\idea_rt.jar=59584:C:\Program Files\JetBrains\IntelliJ IDEA 2024.2.1\bin -Dfile.encoding=UTF-8 -Dsun.stdout.encoding=UTF-8 -Dsun.stderr.encoding=UTF-8 org.dam47.App

Host: 11th Gen Intel(R) Core(TM) i5-11400H @ 2.70GHz, 12 cores, 15G,  Windows 10 , 64 bit Build 19041 (10.0.19041.5072)
Time: Tue Dec  3 17:14:10 2024 Hora estándar romance elapsed time: 2.346351 seconds (0d 0h 0m 2s)

---------------  T H R E A D  ---------------

Current thread (0x0000025426efebb0):  JavaThread "JavaFX Application Thread"        [_thread_in_native, id=36856, stack(0x0000006d4c300000,0x0000006d4c400000) (1024K)]

Stack: [0x0000006d4c300000,0x0000006d4c400000],  sp=0x0000006d4c3fd140,  free space=1012k
Native frames: (J=compiled Java code, j=interpreted, Vv=VM code, C=native code)
C  0x00007ffc95634bf1  (no source info available)
C  0x00007ffc9529704f  (no source info available)
C  0x00007ffc9575739e  (no source info available)
C  0x00007ffc95749a26  (no source info available)
C  0x00007ffc9575ea53  (no source info available)
C  0x00007ffc9575ce62  (no source info available)
C  0x00007ffc9510f4d4  (no source info available)
C  0x00007ffc95121428  (no source info available)
C  0x00007ffc950f604a  (no source info available)
C  0x00007ffc95b8d3e9  (no source info available)
C  0x00007ffc94fecd73  (no source info available)
C  0x00007ffc94fed51d  (no source info available)
C  0x00007ffc94ff12dd  (no source info available)
C  0x00007ffc94ff7b46  (no source info available)
C  0x00007ffc9509d63b  (no source info available)
C  0x00007ffc94da5959  (no source info available)
C  0x00000253cfbed307  (no source info available)

The last pc belongs to native method entry point (kind = native) (printed below).
Java frames: (J=compiled Java code, j=interpreted, Vv=VM code)
j  com.sun.webkit.WebPage.twkInit(JZF)V+0
j  com.sun.webkit.WebPage.<init>(Lcom/sun/webkit/WebPageClient;Lcom/sun/webkit/UIClient;Lcom/sun/webkit/PolicyClient;Lcom/sun/webkit/InspectorClient;Lcom/sun/webkit/ThemeClient;Z)V+204
j  javafx.scene.web.WebEngine.<init>(Ljava/lang/String;Z)V+270
j  javafx.scene.web.WebEngine.<init>()V+3
j  javafx.scene.web.WebView.<init>()V+60
j  org.dam47.views.LoginDialog.lambda$initComponents$1(Ljavafx/embed/swing/JFXPanel;)V+4
j  org.dam47.views.LoginDialog$$Lambda+0x00000253e122d928.run()V+8
j  com.sun.javafx.application.PlatformImpl.lambda$runLater$10(Ljava/lang/Runnable;)Ljava/lang/Void;+1
j  com.sun.javafx.application.PlatformImpl$$Lambda+0x00000253e122d700.run()Ljava/lang/Object;+4
J 1370 c1 java.security.AccessController.executePrivileged(Ljava/security/PrivilegedAction;Ljava/security/AccessControlContext;Ljava/lang/Class;)Ljava/lang/Object; java.base@23 (69 bytes) @ 0x00000253c884b3c4 [0x00000253c884b260+0x0000000000000164]
j  java.security.AccessController.doPrivileged(Ljava/security/PrivilegedAction;Ljava/security/AccessControlContext;)Ljava/lang/Object;+13 java.base@23
j  com.sun.javafx.application.PlatformImpl.lambda$runLater$11(Ljava/lang/Runnable;Ljava/security/AccessControlContext;)V+7
j  com.sun.javafx.application.PlatformImpl$$Lambda+0x00000253e122d2a0.run()V+8
j  com.sun.glass.ui.InvokeLaterDispatcher$Future.run()V+4
v  ~StubRoutines::call_stub 0x00000253cfbe0fcd
j  com.sun.glass.ui.win.WinApplication._runLoop(Ljava/lang/Runnable;)V+0
j  com.sun.glass.ui.win.WinApplication.lambda$runLoop$3(ILjava/lang/Runnable;)V+8
j  com.sun.glass.ui.win.WinApplication$$Lambda+0x00000253e11b5bb8.run()V+12
j  java.lang.Thread.runWith(Ljava/lang/Object;Ljava/lang/Runnable;)V+5 java.base@23
j  java.lang.Thread.run()V+19 java.base@23
v  ~StubRoutines::call_stub 0x00000253cfbe0fcd

siginfo: EXCEPTION_ACCESS_VIOLATION (0xc0000005), writing address 0x0000000000000000


Registers:
RAX=0x0000006d4c3fd170, RBX=0x000002542c34d260, RCX=0x0000000000000000, RDX=0x0000000000000073
RSP=0x0000006d4c3fd140, RBP=0x0000006d4c3fd210, RSI=0x0000025427be6db0, RDI=0x0000006d4c3fd258
R8 =0x0000000000000005, R9 =0x00007ffc9700f558, R10=0x00000254279b12a4, R11=0x0000006d4c3fce28
R12=0x0000000000000000, R13=0x0000000000000000, R14=0x0000025427be6db0, R15=0x0000000000000000
RIP=0x00007ffc95634bf1, EFLAGS=0x0000000000010206


Register to memory mapping:

RAX=0x0000006d4c3fd170 is pointing into the stack for thread: 0x0000025426efebb0
RBX=0x000002542c34d260 points into unknown readable memory: 0x00007ffc96fb27b0 | b0 27 fb 96 fc 7f 00 00
RCX=0x0 is null
RDX=0x0000000000000073 is an unknown value
RSP=0x0000006d4c3fd140 is pointing into the stack for thread: 0x0000025426efebb0
RBP=0x0000006d4c3fd210 is pointing into the stack for thread: 0x0000025426efebb0
RSI=0x0000025427be6db0 points into unknown readable memory: 0x0000000000000000 | 00 00 00 00 00 00 00 00
RDI=0x0000006d4c3fd258 is pointing into the stack for thread: 0x0000025426efebb0
R8 =0x0000000000000005 is an unknown value
R9 =0x00007ffc9700f558 points into unknown readable memory: 0x00000073656d6974 | 74 69 6d 65 73 00 00 00
R10=0x00000254279b12a4 points into unknown readable memory: 73 65 72 69
R11=0x0000006d4c3fce28 is pointing into the stack for thread: 0x0000025426efebb0
R12=0x0 is null
R13=0x0 is null
R14=0x0000025427be6db0 points into unknown readable memory: 0x0000000000000000 | 00 00 00 00 00 00 00 00
R15=0x0 is null

Top of Stack: (sp=0x0000006d4c3fd140)
0x0000006d4c3fd140:   000002542c34d260 000002542c34d260
0x0000006d4c3fd150:   0000006d4c3fd210 0000025427be6db0
0x0000006d4c3fd160:   0000006d4c3fd178 0000da6ecd5c2700
0x0000006d4c3fd170:   0000000000000000 0000000000000000
0x0000006d4c3fd180:   0000000000000000 0000000000000000
0x0000006d4c3fd190:   0000000000000000 0000025427b469e8
0x0000006d4c3fd1a0:   00007ffc9517dfa0 0000025427b469e8
0x0000006d4c3fd1b0:   0000025427bcd340 00007ffc9529704f
0x0000006d4c3fd1c0:   0000025427bcd340 0000025427b469e8
0x0000006d4c3fd1d0:   0000025427b469e8 00007ffc9517dfa0
0x0000006d4c3fd1e0:   0000006d4c3fd1f0 0000000000000001
0x0000006d4c3fd1f0:   0000000000000000 0000000000000000
0x0000006d4c3fd200:   0000000000000001 00007ffc9529abf0
0x0000006d4c3fd210:   000002542c36ccf8 000002542c36ccd8
0x0000006d4c3fd220:   0000025427be6db0 000002542c36cbb0
0x0000006d4c3fd230:   0000006d4c3fd299 00007ffc9575739e
0x0000006d4c3fd240:   0000000000000000 0000025427b469d0
0x0000006d4c3fd250:   0000000000000001 0000000000000000
0x0000006d4c3fd260:   0000000000000002 00007ffd2a5ffde6
0x0000006d4c3fd270:   000002542c389b40 0000000000000000
0x0000006d4c3fd280:   000002542c36cbb0 0000000000000000
0x0000006d4c3fd290:   0000000000000000 0000025427c94b30
0x0000006d4c3fd2a0:   000002542c36cd00 0000025427b7ca60
0x0000006d4c3fd2b0:   0000000000000000 0000000000000000
0x0000006d4c3fd2c0:   0000000000000000 00007ffc95768e00
0x0000006d4c3fd2d0:   0000006d4c3fd4d0 0000006d4c3fd460
0x0000006d4c3fd2e0:   000002542c36cbb0 000002542c38a010
0x0000006d4c3fd2f0:   0000000000000000 00007ffc95749a26
0x0000006d4c3fd300:   0000025427bd5220 000002542c38a020
0x0000006d4c3fd310:   0000025427c88990 000002542c38a010
0x0000006d4c3fd320:   000002542c38a010 00007ffc9575ea53
0x0000006d4c3fd330:   0000025427bd5220 0000006d4c3fd408 

Instructions: (pc=0x00007ffc95634bf1)
0x00007ffc95634af1:   85 c9 74 11 48 85 f6 74 0c 48 8b 01 48 8b d6 ff
0x00007ffc95634b01:   90 b8 00 00 00 48 8b c3 48 8b 4c 24 28 48 33 cc
0x00007ffc95634b11:   e8 aa a2 7d 01 48 83 c4 70 5e 5d 5b c3 48 8d 0d
0x00007ffc95634b21:   63 15 0d 04 e8 3a a4 7d 01 83 3d 57 15 0d 04 ff
0x00007ffc95634b31:   0f 85 27 ff ff ff 48 8b cf e8 71 aa ff ff 4c 8b
0x00007ffc95634b41:   07 4c 8d 0d 3b fe a3 01 48 8b d0 48 8b cf 4d 8b
0x00007ffc95634b51:   90 08 01 00 00 4c 8d 05 33 fe a3 01 41 ff d2 48
0x00007ffc95634b61:   8d 0d 21 15 0d 04 48 89 05 12 15 0d 04 e8 91 a3
0x00007ffc95634b71:   7d 01 e9 e6 fe ff ff cc cc cc cc cc cc cc cc 40
0x00007ffc95634b81:   53 56 57 48 83 ec 60 65 48 8b 04 25 58 00 00 00
0x00007ffc95634b91:   48 8b d9 8b 0d a6 dc 0e 04 48 8b fa ba 18 00 00
0x00007ffc95634ba1:   00 49 8b f0 48 8b 04 c8 8b 0c 02 39 0d f6 14 0d
0x00007ffc95634bb1:   04 0f 8f 8c 00 00 00 0f 57 c0 c6 44 24 28 00 48
0x00007ffc95634bc1:   8d 44 24 38 4c 8b c6 4c 8d 0d d1 14 0d 04 48 89
0x00007ffc95634bd1:   44 24 20 48 8d 54 24 30 48 8b cb 0f 11 44 24 38
0x00007ffc95634be1:   0f 11 44 24 48 e8 55 c1 c5 ff 48 8b 08 48 89 0f
0x00007ffc95634bf1:   ff 01 48 8b 5c 24 30 48 c7 44 24 30 00 00 00 00
0x00007ffc95634c01:   48 85 db 74 1b 8b 03 83 e8 01 74 04 89 03 eb 10
0x00007ffc95634c11:   48 8b cb e8 b7 3c c5 ff 48 8b cb e8 6f c6 62 01
0x00007ffc95634c21:   48 8b 4c 24 50 48 c7 44 24 50 00 00 00 00 48 85
0x00007ffc95634c31:   c9 74 05 e8 f7 6d b4 ff 48 8b c7 48 83 c4 60 5f
0x00007ffc95634c41:   5e 5b c3 48 8d 0d 5d 14 0d 04 e8 14 a3 7d 01 83
0x00007ffc95634c51:   3d 51 14 0d 04 ff 0f 85 5b ff ff ff 41 b8 05 00
0x00007ffc95634c61:   00 00 48 8d 15 8a fd a3 01 48 8d 4c 24 30 e8 9c
0x00007ffc95634c71:   62 65 01 48 8b 44 24 30 48 8d 0d d0 1f 97 01 48
0x00007ffc95634c81:   89 05 19 14 0d 04 e8 84 a0 7d 01 48 8d 0d 15 14
0x00007ffc95634c91:   0d 04 e8 6c a2 7d 01 e9 1b ff ff ff cc cc cc 40
0x00007ffc95634ca1:   53 56 57 48 83 ec 50 48 8b 05 09 32 00 04 48 33
0x00007ffc95634cb1:   c4 48 89 44 24 40 41 8b 00 49 8b d8 4c 8d 44 24
0x00007ffc95634cc1:   20 89 44 24 20 48 8b f2 48 8b f9 e8 5f 45 87 00
0x00007ffc95634cd1:   84 c0 0f 84 bb 00 00 00 44 8b 44 24 20 48 8d 4c
0x00007ffc95634ce1:   24 28 48 8b d6 e8 b5 4f 87 00 80 7c 24 38 00 0f 


Stack slot to memory mapping:

stack at sp + 0 slots: 0x000002542c34d260 points into unknown readable memory: 0x00007ffc96fb27b0 | b0 27 fb 96 fc 7f 00 00
stack at sp + 1 slots: 0x000002542c34d260 points into unknown readable memory: 0x00007ffc96fb27b0 | b0 27 fb 96 fc 7f 00 00
stack at sp + 2 slots: 0x0000006d4c3fd210 is pointing into the stack for thread: 0x0000025426efebb0
stack at sp + 3 slots: 0x0000025427be6db0 points into unknown readable memory: 0x0000000000000000 | 00 00 00 00 00 00 00 00
stack at sp + 4 slots: 0x0000006d4c3fd178 is pointing into the stack for thread: 0x0000025426efebb0
stack at sp + 5 slots: 0x0000da6ecd5c2700 is an unknown value
stack at sp + 6 slots: 0x0 is null
stack at sp + 7 slots: 0x0 is null

Lock stack of current Java thread (top to bottom):

native method entry point (kind = native)  [0x00000253cfbecee0, 0x00000253cfbedb38]  3160 bytes
[MachCode]
  0x00000253cfbecee0: 488b 4b08 | 0fb7 492e | 584c 8d74 | ccf8 6800 | 0000 0068 | 0000 0000 | 5055 488b | ec41 5568 
  0x00000253cfbecf00: 0000 0000 | 4c8b 6b08 | 4d8d 6d38 | 5348 8b53 | 0848 8b52 | 0848 8b52 | 1848 8b52 | 7048 8b12 
  0x00000253cfbecf20: 5248 8b53 | 1048 85d2 | 0f84 0700 | 0000 4881 | c210 0100 | 0052 488b | 5308 488b | 5208 488b 
  0x00000253cfbecf40: 5210 5249 | 8bc6 482b | c548 c1e8 | 0350 6800 | 0000 0068 | f7ff ffff | 41c6 8771 | 0400 0001 
  0x00000253cfbecf60: 488b 4310 | 4885 c074 | 208b 88cc | 0000 0083 | c102 8988 | cc00 0000 | 2388 e000 | 0000 0f84 
  0x00000253cfbecf80: 000b 0000 | e9cf 0000 | 0048 8b43 | 1848 85c0 | 0f85 b000 | 0000 e805 | 0000 00e9 | 9900 0000 
  0x00000253cfbecfa0: 488b d348 | 8d44 2408 | 4c89 6dc0 | 498b cfc5 | f877 4989 | afb0 0300 | 0049 8987 | a003 0000 
  0x00000253cfbecfc0: 4883 ec20 | 40f6 c40f | 0f84 1900 | 0000 4883 | ec08 48b8 | 9026 2fd4 | fc7f 0000 | ffd0 4883 
  0x00000253cfbecfe0: c408 e90c | 0000 0048 | b890 262f | d4fc 7f00 | 00ff d048 | 83c4 2049 | c787 a003 | 0000 0000 
  0x00000253cfbed000: 0000 49c7 | 87b0 0300 | 0000 0000 | 0049 c787 | a803 0000 | 0000 0000 | c5f8 7749 | 837f 0800 
  0x00000253cfbed020: 0f84 0500 | 0000 e995 | 3eff ff4c | 8b6d c04c | 8b75 c84e | 8d74 f500 | c348 8b43 | 1848 85c0 
  0x00000253cfbed040: 0f84 1200 | 0000 8b48 | 0883 c102 | 8948 0823 | 481c 0f84 | 2c0a 0000 | 493b a7e8 | 0400 000f 
  0x00000253cfbed060: 8748 0000 | 0089 8424 | 00f0 ffff | 8984 2400 | e0ff ff89 | 8424 00d0 | ffff 8984 | 2400 c0ff 
  0x00000253cfbed080: ff89 8424 | 00b0 ffff | 8984 2400 | a0ff ff89 | 8424 0090 | ffff 8984 | 2400 80ff | ff49 3ba7 
  0x00000253cfbed0a0: e004 0000 | 7607 4989 | a7e8 0400 | 0041 c687 | 7104 0000 | 0049 ba41 | adb6 d4fc | 7f00 0041 
  0x00000253cfbed0c0: 803a 000f | 843e 0000 | 0048 8b55 | e849 8bcf | 4883 ec20 | 40f6 c40f | 0f84 1900 | 0000 4883 
  0x00000253cfbed0e0: ec08 48b8 | 00ee 66d4 | fc7f 0000 | ffd0 4883 | c408 e90c | 0000 0048 | b800 ee66 | d4fc 7f00 
  0x00000253cfbed100: 00ff d048 | 83c4 2048 | 8b5d e84c | 8b5b 0845 | 0fb7 5b2e | 41c1 e303 | 492b e348 | 83ec 2048 
  0x00000253cfbed120: 83e4 f04c | 8b5b 604d | 85db 0f85 | ab00 0000 | e805 0000 | 00e9 9900 | 0000 488b | d348 8d44 
  0x00000253cfbed140: 2408 4c89 | 6dc0 498b | cfc5 f877 | 4989 afb0 | 0300 0049 | 8987 a003 | 0000 4883 | ec20 40f6 
  0x00000253cfbed160: c40f 0f84 | 1900 0000 | 4883 ec08 | 48b8 f04d | 2fd4 fc7f | 0000 ffd0 | 4883 c408 | e90c 0000 
  0x00000253cfbed180: 0048 b8f0 | 4d2f d4fc | 7f00 00ff | d048 83c4 | 2049 c787 | a003 0000 | 0000 0000 | 49c7 87b0 
  0x00000253cfbed1a0: 0300 0000 | 0000 0049 | c787 a803 | 0000 0000 | 0000 c5f8 | 7749 837f | 0800 0f84 | 0500 0000 
  0x00000253cfbed1c0: e9fb 3cff | ff4c 8b6d | c04c 8b75 | c84e 8d74 | f500 c348 | 8b5d e84c | 8b5b 6041 | ffd3 488b 
  0x00000253cfbed1e0: 5de8 4889 | 4518 448b | 5b28 41f6 | c308 0f84 | 1b00 0000 | 4c8b 5b08 | 4d8b 5b08 | 4d8b 5b18 
  0x00000253cfbed200: 4d8b 5b70 | 4d8b 1b4c | 895d 1048 | 8d55 1048 | 8b43 5849 | ba50 3c67 | d4fc 7f00 | 0049 3bc2 
  0x00000253cfbed220: 0f85 ab00 | 0000 e805 | 0000 00e9 | 9900 0000 | 488b d348 | 8d44 2408 | 4c89 6dc0 | 498b cfc5 
  0x00000253cfbed240: f877 4989 | afb0 0300 | 0049 8987 | a003 0000 | 4883 ec20 | 40f6 c40f | 0f84 1900 | 0000 4883 
  0x00000253cfbed260: ec08 48b8 | f04d 2fd4 | fc7f 0000 | ffd0 4883 | c408 e90c | 0000 0048 | b8f0 4d2f | d4fc 7f00 
  0x00000253cfbed280: 00ff d048 | 83c4 2049 | c787 a003 | 0000 0000 | 0000 49c7 | 87b0 0300 | 0000 0000 | 0049 c787 
  0x00000253cfbed2a0: a803 0000 | 0000 0000 | c5f8 7749 | 837f 0800 | 0f84 0500 | 0000 e905 | 3cff ff4c | 8b6d c04c 
  0x00000253cfbed2c0: 8b75 c84e | 8d74 f500 | c348 8b5d | e848 8b43 | 5849 8d8f | c003 0000 | c5f8 7749 | 89af b003 
  0x00000253cfbed2e0: 0000 49ba | d8d2 becf | 5302 0000 | 4d89 97a8 | 0300 0049 | 89a7 a003 | 0000 41c7 | 8744 0400 
  0x00000253cfbed300: 0004 0000 | 00ff d0c5 | f877 4883 | ec10 c5fb | 1104 2448 | 83ec 1048 | 8904 2448 | c744 2408 
  0x00000253cfbed320: 0000 0000 | 41c7 8744 | 0400 0005 | 0000 00f0 | 8344 24c0 | 0049 3baf | 4804 0000 | 0f87 0e00 
  0x00000253cfbed340: 0000 4183 | bf40 0400 | 0000 0f84 | 2000 0000 | 498b cf4c | 8be4 4883 | ec20 4883 | e4f0 48b8 
  0x00000253cfbed360: 90a9 30d4 | fc7f 0000 | ffd0 498b | e44d 33e4 | 41c7 8744 | 0400 0008 | 0000 0049 | c787 a003 
  0x00000253cfbed380: 0000 0000 | 0000 49c7 | 87b0 0300 | 0000 0000 | 0049 c787 | a803 0000 | 0000 0000 | c5f8 774d 
  0x00000253cfbed3a0: 8b9f 3004 | 0000 41c7 | 8300 0100 | 0000 0000 | 0049 bbda | a5be cf53 | 0200 004c | 3b5d 180f 
  0x00000253cfbed3c0: 8524 0300 | 0048 8b04 | 2448 83c4 | 1048 85c0 | 0f84 fe02 | 0000 a803 | 0f85 0800 | 0000 488b 
  0x00000253cfbed3e0: 00e9 ee02 | 0000 a801 | 0f85 0900 | 0000 488b | 40fe e9dd | 0200 0048 | 8b40 ff41 | 807f 3800 
  0x00000253cfbed400: 0f84 ce02 | 0000 4883 | f800 0f84 | c402 0000 | 4d8b 5f28 | 4983 fb00 | 0f84 1400 | 0000 4983 
  0x00000253cfbed420: eb08 4d89 | 5f28 4d03 | 5f30 4989 | 03e9 a202 | 0000 4881 | ec50 0100 | 0048 8904 | 2448 894c 
  0x00000253cfbed440: 2408 4889 | 5424 1048 | 8974 2418 | 4889 7c24 | 204c 8944 | 2428 4c89 | 4c24 304c | 8954 2438 
  0x00000253cfbed460: 4c89 5c24 | 40c5 fb11 | 4424 50c5 | fb11 4c24 | 58c5 fb11 | 5424 60c5 | fb11 5c24 | 68c5 fb11 
  0x00000253cfbed480: 6424 70c5 | fb11 6c24 | 78c5 fb11 | b424 8000 | 0000 c5fb | 11bc 2488 | 0000 00c5 | 7b11 8424 
  0x00000253cfbed4a0: 9000 0000 | c57b 118c | 2498 0000 | 00c5 7b11 | 9424 a000 | 0000 c57b | 119c 24a8 | 0000 00c5 
  0x00000253cfbed4c0: 7b11 a424 | b000 0000 | c57b 11ac | 24b8 0000 | 00c5 7b11 | b424 c000 | 0000 c57b | 11bc 24c8 
  0x00000253cfbed4e0: 0000 0062 | e1ff 0811 | 4424 1a62 | e1ff 0811 | 4c24 1b62 | e1ff 0811 | 5424 1c62 | e1ff 0811 
  0x00000253cfbed500: 5c24 1d62 | e1ff 0811 | 6424 1e62 | e1ff 0811 | 6c24 1f62 | e1ff 0811 | 7424 2062 | e1ff 0811 
  0x00000253cfbed520: 7c24 2162 | 61ff 0811 | 4424 2262 | 61ff 0811 | 4c24 2362 | 61ff 0811 | 5424 2462 | 61ff 0811 
  0x00000253cfbed540: 5c24 2562 | 61ff 0811 | 6424 2662 | 61ff 0811 | 6c24 2762 | 61ff 0811 | 7424 2862 | 61ff 0811 
  0x00000253cfbed560: 7c24 2949 | 8bd7 488b | c848 83ec | 2040 f6c4 | 0f0f 8419 | 0000 0048 | 83ec 0848 | b8e0 0724 
  0x00000253cfbed580: d4fc 7f00 | 00ff d048 | 83c4 08e9 | 0c00 0000 | 48b8 e007 | 24d4 fc7f | 0000 ffd0 | 4883 c420 
  0x00000253cfbed5a0: 6261 ff08 | 107c 2429 | 6261 ff08 | 1074 2428 | 6261 ff08 | 106c 2427 | 6261 ff08 | 1064 2426 
  0x00000253cfbed5c0: 6261 ff08 | 105c 2425 | 6261 ff08 | 1054 2424 | 6261 ff08 | 104c 2423 | 6261 ff08 | 1044 2422 
  0x00000253cfbed5e0: 62e1 ff08 | 107c 2421 | 62e1 ff08 | 1074 2420 | 62e1 ff08 | 106c 241f | 62e1 ff08 | 1064 241e 
  0x00000253cfbed600: 62e1 ff08 | 105c 241d | 62e1 ff08 | 1054 241c | 62e1 ff08 | 104c 241b | 62e1 ff08 | 1044 241a 
  0x00000253cfbed620: c57b 10bc | 24c8 0000 | 00c5 7b10 | b424 c000 | 0000 c57b | 10ac 24b8 | 0000 00c5 | 7b10 a424 
  0x00000253cfbed640: b000 0000 | c57b 109c | 24a8 0000 | 00c5 7b10 | 9424 a000 | 0000 c57b | 108c 2498 | 0000 00c5 
  0x00000253cfbed660: 7b10 8424 | 9000 0000 | c5fb 10bc | 2488 0000 | 00c5 fb10 | b424 8000 | 0000 c5fb | 106c 2478 
  0x00000253cfbed680: c5fb 1064 | 2470 c5fb | 105c 2468 | c5fb 1054 | 2460 c5fb | 104c 2458 | c5fb 1044 | 2450 4c8b 
  0x00000253cfbed6a0: 5c24 404c | 8b54 2438 | 4c8b 4c24 | 304c 8b44 | 2428 488b | 7c24 2048 | 8b74 2418 | 488b 5424 
  0x00000253cfbed6c0: 1048 8b4c | 2408 488b | 0424 4881 | c450 0100 | 00c5 f877 | 4889 4510 | 4883 ec10 | 4889 0424 
  0x00000253cfbed6e0: 48c7 4424 | 0800 0000 | 0041 83bf | c804 0000 | 020f 85bf | 0000 0048 | 81ec 8000 | 0000 4889 
  0x00000253cfbed700: 4424 7848 | 894c 2470 | 4889 5424 | 6848 895c | 2460 4889 | 6c24 5048 | 8974 2448 | 4889 7c24 
  0x00000253cfbed720: 404c 8944 | 2438 4c89 | 4c24 304c | 8954 2428 | 4c89 5c24 | 204c 8964 | 2418 4c89 | 6c24 104c 
  0x00000253cfbed740: 8974 2408 | 4c89 3c24 | 4c8b e448 | 83ec 2048 | 83e4 f048 | b8b0 2267 | d4fc 7f00 | 00ff d049 
  0x00000253cfbed760: 8be4 4c8b | 3c24 4c8b | 7424 084c | 8b6c 2410 | 4c8b 6424 | 184c 8b5c | 2420 4c8b | 5424 284c 
  0x00000253cfbed780: 8b4c 2430 | 4c8b 4424 | 3848 8b7c | 2440 488b | 7424 4848 | 8b6c 2450 | 488b 5c24 | 6048 8b54 
  0x00000253cfbed7a0: 2468 488b | 4c24 7048 | 8b44 2478 | 4881 c480 | 0000 004d | 33e4 488b | 5de8 4c8b | 6b08 4d8d 
  0x00000253cfbed7c0: 6d38 4983 | 7f08 000f | 84bb 0000 | 00e8 0500 | 0000 e996 | 0000 0048 | 8d44 2408 | 4c89 6dc0 
  0x00000253cfbed7e0: 498b cfc5 | f877 4989 | afb0 0300 | 0049 8987 | a003 0000 | 4883 ec20 | 40f6 c40f | 0f84 1900 
  0x00000253cfbed800: 0000 4883 | ec08 48b8 | 006c 2fd4 | fc7f 0000 | ffd0 4883 | c408 e90c | 0000 0048 | b800 6c2f 
  0x00000253cfbed820: d4fc 7f00 | 00ff d048 | 83c4 2049 | c787 a003 | 0000 0000 | 0000 49c7 | 87b0 0300 | 0000 0000 
  0x00000253cfbed840: 0049 c787 | a803 0000 | 0000 0000 | c5f8 7749 | 837f 0800 | 0f84 0500 | 0000 e961 | 36ff ff4c 
  0x00000253cfbed860: 8b6d c04c | 8b75 c84e | 8d74 f500 | c348 b920 | d58e d4fc | 7f00 0048 | 83e4 f048 | b860 4a55 
  0x00000253cfbed880: d4fc 7f00 | 00ff d0f4 | 448b 5b28 | 41f6 c320 | 0f84 7901 | 0000 488d | 55a8 4c8b | 5a08 4d85 
  0x00000253cfbed8a0: db0f 85bb | 0000 00e8 | 0500 0000 | e996 0000 | 0048 8d44 | 2408 4c89 | 6dc0 498b | cfc5 f877 
  0x00000253cfbed8c0: 4989 afb0 | 0300 0049 | 8987 a003 | 0000 4883 | ec20 40f6 | c40f 0f84 | 1900 0000 | 4883 ec08 
  0x00000253cfbed8e0: 48b8 306b | 2fd4 fc7f | 0000 ffd0 | 4883 c408 | e90c 0000 | 0048 b830 | 6b2f d4fc | 7f00 00ff 
  0x00000253cfbed900: d048 83c4 | 2049 c787 | a003 0000 | 0000 0000 | 49c7 87b0 | 0300 0000 | 0000 0049 | c787 a803 
  0x00000253cfbed920: 0000 0000 | 0000 c5f8 | 7749 837f | 0800 0f84 | 0500 0000 | e987 35ff | ff4c 8b6d | c04c 8b75 
  0x00000253cfbed940: c84e 8d74 | f500 c348 | b920 d58e | d4fc 7f00 | 0048 83e4 | f048 b860 | 4a55 d4fc | 7f00 00ff 
  0x00000253cfbed960: d0f4 4c89 | 6dc0 4c8b | 4a08 48c7 | 4208 0000 | 0000 458b | 8718 0600 | 004f 3b4c | 07f8 0f85 
  0x00000253cfbed980: 4900 0000 | 4183 af18 | 0600 0008 | 4f3b 4c07 | f00f 842a | 0000 0049 | 8b01 a802 | 0f85 1200 
  0x00000253cfbed9a0: 0000 4c8b | c049 83c8 | 01f0 4d0f | b101 0f84 | 0d00 0000 | 4183 8718 | 0600 0008 | e90c 0000 
  0x00000253cfbed9c0: 0049 ff8f | 5005 0000 | e93e 0000 | 004c 894a | 0848 8bca | 4883 ec20 | 40f6 c40f | 0f84 1900 
  0x00000253cfbed9e0: 0000 4883 | ec08 48b8 | f03d 2fd4 | fc7f 0000 | ffd0 4883 | c408 e90c | 0000 0048 | b8f0 3d2f 
  0x00000253cfbeda00: d4fc 7f00 | 00ff d048 | 83c4 204c | 8b6d c049 | ba41 adb6 | d4fc 7f00 | 0041 803a | 000f 843e 
  0x00000253cfbeda20: 0000 0048 | 8b55 e849 | 8bcf 4883 | ec20 40f6 | c40f 0f84 | 1900 0000 | 4883 ec08 | 48b8 00ee 
  0x00000253cfbeda40: 66d4 fc7f | 0000 ffd0 | 4883 c408 | e90c 0000 | 0048 b800 | ee66 d4fc | 7f00 00ff | d048 83c4 
  0x00000253cfbeda60: 2048 8b04 | 2448 83c4 | 10c5 fb10 | 0424 4883 | c410 4c8b | 5d18 41ff | d34c 8b5d | f8c9 5f49 
  0x00000253cfbeda80: 8be3 ffe7 | ba00 0000 | 00e8 0500 | 0000 e996 | 0000 0048 | 8d44 2408 | 4c89 6dc0 | 498b cfc5 
  0x00000253cfbedaa0: f877 4989 | afb0 0300 | 0049 8987 | a003 0000 | 4883 ec20 | 40f6 c40f | 0f84 1900 | 0000 4883 
  0x00000253cfbedac0: ec08 48b8 | a031 2fd4 | fc7f 0000 | ffd0 4883 | c408 e90c | 0000 0048 | b8a0 312f | d4fc 7f00 
  0x00000253cfbedae0: 00ff d048 | 83c4 2049 | c787 a003 | 0000 0000 | 0000 49c7 | 87b0 0300 | 0000 0000 | 0049 c787 
  0x00000253cfbedb00: a803 0000 | 0000 0000 | c5f8 7749 | 837f 0800 | 0f84 0500 | 0000 e9a5 | 33ff ff4c | 8b6d c04c 
  0x00000253cfbedb20: 8b75 c84e | 8d74 f500 | c348 8b5d | e8e9 26f5 | ffff 660f | 1f44 0000 
[/MachCode]

Compiled method (c1) 2558 1370       3       java.security.AccessController::executePrivileged (69 bytes)
 total in heap  [0x00000253c884b108,0x00000253c884b598] = 1168
 relocation     [0x00000253c884b1e0,0x00000253c884b250] = 112
 main code      [0x00000253c884b260,0x00000253c884b530] = 720
 stub code      [0x00000253c884b530,0x00000253c884b588] = 88
 metadata       [0x00000253c884b588,0x00000253c884b598] = 16
 immutable data [0x00000254253c2c10,0x00000254253c2d40] = 304
 dependencies   [0x00000254253c2c10,0x00000254253c2c18] = 8
 nul chk table  [0x00000254253c2c18,0x00000254253c2c28] = 16
 scopes pcs     [0x00000254253c2c28,0x00000254253c2cb8] = 144
 scopes data    [0x00000254253c2cb8,0x00000254253c2d40] = 136

[Constant Pool (empty)]

[MachCode]
[Verified Entry Point]
  # {method} {0x00000253e0498d90} 'executePrivileged' '(Ljava/security/PrivilegedAction;Ljava/security/AccessControlContext;Ljava/lang/Class;)Ljava/lang/Object;' in 'java/security/AccessController'
  # parm0:    rdx:rdx   = 'java/security/PrivilegedAction'
  # parm1:    r8:r8     = 'java/security/AccessControlContext'
  # parm2:    r9:r9     = 'java/lang/Class'
  #           [sp+0x60]  (sp of caller)
  0x00000253c884b260: 8984 2400 | 80ff ff55 | 4883 ec50 | 4181 7f20 | 0100 0000 

  0x00000253c884b274: ;   {runtime_call StubRoutines (final stubs)}
  0x00000253c884b274: 7405 e8e5 | f03c 074c | 8944 2430 | 4c89 4c24 

  0x00000253c884b284: ;   {metadata(method data for {method} {0x00000253e0498d90} 'executePrivileged' '(Ljava/security/PrivilegedAction;Ljava/security/AccessControlContext;Ljava/lang/Class;)Ljava/lang/Object;' in 'java/security/AccessController')}
  0x00000253c884b284: 2848 bed0 | 7614 2154 | 0200 008b | becc 0000 | 0083 c702 | 89be cc00 | 0000 81e7 | fe07 0000 
  0x00000253c884b2a4: 85ff 0f84 | e201 0000 

  0x00000253c884b2ac: ;   {metadata(method data for {method} {0x00000253e0498d90} 'executePrivileged' '(Ljava/security/PrivilegedAction;Ljava/security/AccessControlContext;Ljava/lang/Class;)Ljava/lang/Object;' in 'java/security/AccessController')}
  0x00000253c884b2ac: 4d85 c048 | bed0 7614 | 2154 0200 | 00bf 1801 | 0000 7405 | bf28 0100 | 0048 8b1c | 3e48 8d5b 
  0x00000253c884b2cc: 0148 891c | 3e48 8954 | 2420 0f84 | 2800 0000 

  0x00000253c884b2dc: ;   {metadata(method data for {method} {0x00000253e0498d90} 'executePrivileged' '(Ljava/security/PrivilegedAction;Ljava/security/AccessControlContext;Ljava/lang/Class;)Ljava/lang/Object;' in 'java/security/AccessController')}
  0x00000253c884b2dc: 48be d076 | 1421 5402 | 0000 4883 | 8638 0100 | 0001 498b | d066 0f1f 

  0x00000253c884b2f4: ;   {static_call}
  0x00000253c884b2f4: 4400 00e8 

  0x00000253c884b2f8: ; ImmutableOopMap {[32]=Oop [40]=Oop [48]=Oop }
                      ;*invokestatic ensureMaterializedForStackWalk {reexecute=0 rethrow=0 return_oop=0}
                      ; - java.security.AccessController::executePrivileged@5 (line 774)
  0x00000253c884b2f8: 34e0 9407 

  0x00000253c884b2fc: ;   {other}
  0x00000253c884b2fc: 0f1f 8400 | f401 0000 

  0x00000253c884b304: ;   {metadata(method data for {method} {0x00000253e0498d90} 'executePrivileged' '(Ljava/security/PrivilegedAction;Ljava/security/AccessControlContext;Ljava/lang/Class;)Ljava/lang/Object;' in 'java/security/AccessController')}
  0x00000253c884b304: 48ba d076 | 1421 5402 | 0000 ff82 | 4801 0000 | 488b 5424 | 2048 3b02 

  0x00000253c884b31c: ;   {metadata(method data for {method} {0x00000253e0498d90} 'executePrivileged' '(Ljava/security/PrivilegedAction;Ljava/security/AccessControlContext;Ljava/lang/Class;)Ljava/lang/Object;' in 'java/security/AccessController')}
  0x00000253c884b31c: 488b f248 | bfd0 7614 | 2154 0200 | 008b 7608 | 49ba 0000 | 00e0 5302 | 0000 4903 | f248 3bb7 
  0x00000253c884b33c: b001 0000 | 750d 4883 | 87b8 0100 | 0001 e960 | 0000 0048 | 3bb7 c001 | 0000 750d | 4883 87c8 
  0x00000253c884b35c: 0100 0001 | e94a 0000 | 0048 83bf | b001 0000 | 0075 1748 | 89b7 b001 | 0000 48c7 | 87b8 0100 
  0x00000253c884b37c: 0001 0000 | 00e9 2900 | 0000 4883 | bfc0 0100 | 0000 7517 | 4889 b7c0 | 0100 0048 | c787 c801 
  0x00000253c884b39c: 0000 0100 | 0000 e908 | 0000 0048 | 8387 a801 | 0000 0166 | 0f1f 4400 | 0048 b850 | 0e19 2754 
  0x00000253c884b3bc: ;   {virtual_call}
  0x00000253c884b3bc: 0200 00e8 

  0x00000253c884b3c0: ; ImmutableOopMap {[40]=Oop [48]=Oop }
                      ;*invokeinterface run {reexecute=0 rethrow=0 return_oop=0}
                      ; - java.security.AccessController::executePrivileged@29 (line 778)
  0x00000253c884b3c0: 0c1c 4c07 

  0x00000253c884b3c4: ;   {other}
  0x00000253c884b3c4: 0f1f 8400 | bc02 0001 

  0x00000253c884b3cc: ;   {metadata(method data for {method} {0x00000253e0498d90} 'executePrivileged' '(Ljava/security/PrivilegedAction;Ljava/security/AccessControlContext;Ljava/lang/Class;)Ljava/lang/Object;' in 'java/security/AccessController')}
  0x00000253c884b3cc: 48ba d076 | 1421 5402 | 0000 ff82 | d801 0000 

  0x00000253c884b3dc: ;   {metadata(method data for {method} {0x00000253e0498d90} 'executePrivileged' '(Ljava/security/PrivilegedAction;Ljava/security/AccessControlContext;Ljava/lang/Class;)Ljava/lang/Object;' in 'java/security/AccessController')}
  0x00000253c884b3dc: 48ba d076 | 1421 5402 | 0000 4883 | 8238 0200 | 0001 488b | d048 8944 

  0x00000253c884b3f4: ;   {static_call}
  0x00000253c884b3f4: 2438 90e8 

  0x00000253c884b3f8: ; ImmutableOopMap {[40]=Oop [48]=Oop [56]=Oop }
                      ;*invokestatic ensureMaterializedForStackWalk {reexecute=0 rethrow=0 return_oop=0}
                      ; - java.security.AccessController::executePrivileged@56 (line 786)
  0x00000253c884b3f8: 34df 9407 

  0x00000253c884b3fc: ;   {other}
  0x00000253c884b3fc: 0f1f 8400 | f402 0002 

  0x00000253c884b404: ;   {metadata(method data for {method} {0x00000253e0498d90} 'executePrivileged' '(Ljava/security/PrivilegedAction;Ljava/security/AccessControlContext;Ljava/lang/Class;)Ljava/lang/Object;' in 'java/security/AccessController')}
  0x00000253c884b404: 48b8 d076 | 1421 5402 | 0000 4883 | 8048 0200 

  0x00000253c884b414: ;   {metadata(method data for {method} {0x00000253e0194e20} 'reachabilityFence' '(Ljava/lang/Object;)V' in 'java/lang/ref/Reference')}
  0x00000253c884b414: 0001 48b8 | a8b2 0421 | 5402 0000 | 8bb0 cc00 | 0000 83c6 | 0289 b0cc | 0000 0081 | e6fe ff1f 
  0x00000253c884b434: 0085 f60f | 8477 0000 

  0x00000253c884b43c: ;   {metadata(method data for {method} {0x00000253e0498d90} 'executePrivileged' '(Ljava/security/PrivilegedAction;Ljava/security/AccessControlContext;Ljava/lang/Class;)Ljava/lang/Object;' in 'java/security/AccessController')}
  0x00000253c884b43c: 0048 b8d0 | 7614 2154 | 0200 0048 | 8380 5802 

  0x00000253c884b44c: ;   {metadata(method data for {method} {0x00000253e0194e20} 'reachabilityFence' '(Ljava/lang/Object;)V' in 'java/lang/ref/Reference')}
  0x00000253c884b44c: 0000 0148 | b8a8 b204 | 2154 0200 | 008b b0cc | 0000 0083 | c602 89b0 | cc00 0000 | 81e6 feff 
  0x00000253c884b46c: 1f00 85f6 | 0f84 5f00 | 0000 488b | 4424 3848 | 83c4 505d 

  0x00000253c884b480: ;   {poll_return}
  0x00000253c884b480: 493b a748 | 0400 000f | 8766 0000 

  0x00000253c884b48c: ;   {metadata({method} {0x00000253e0498d90} 'executePrivileged' '(Ljava/security/PrivilegedAction;Ljava/security/AccessControlContext;Ljava/lang/Class;)Ljava/lang/Object;' in 'java/security/AccessController')}
  0x00000253c884b48c: 00c3 49ba | 888d 49e0 | 5302 0000 | 4c89 5424 | 0848 c704 | 24ff ffff 

  0x00000253c884b4a4: ;   {runtime_call counter_overflow Runtime1 stub}
  0x00000253c884b4a4: ffe8 36a8 

  0x00000253c884b4a8: ; ImmutableOopMap {rdx=Oop r8=Oop r9=Oop [40]=Oop [48]=Oop }
                      ;*synchronization entry
                      ; - java.security.AccessController::executePrivileged@-1 (line 773)
  0x00000253c884b4a8: 4b07 e9fd 

  0x00000253c884b4ac: ;   {runtime_call throw_null_pointer_exception Runtime1 stub}
  0x00000253c884b4ac: fdff ffe8 

  0x00000253c884b4b0: ; ImmutableOopMap {rdx=Oop [40]=Oop [48]=Oop }
                      ;*invokeinterface run {reexecute=0 rethrow=0 return_oop=0}
                      ; - java.security.AccessController::executePrivileged@29 (line 778)
  0x00000253c884b4b0: ac1d 4b07 

  0x00000253c884b4b4: ;   {metadata({method} {0x00000253e0194e20} 'reachabilityFence' '(Ljava/lang/Object;)V' in 'java/lang/ref/Reference')}
  0x00000253c884b4b4: 49ba 184e | 19e0 5302 | 0000 4c89 | 5424 0848 | c704 24ff 

  0x00000253c884b4c8: ;   {runtime_call counter_overflow Runtime1 stub}
  0x00000253c884b4c8: ffff ffe8 

  0x00000253c884b4cc: ; ImmutableOopMap {[40]=Oop [56]=Oop }
                      ;*synchronization entry
                      ; - java.lang.ref.Reference::reachabilityFence@-1 (line 661)
                      ; - java.security.AccessController::executePrivileged@60 (line 790)
  0x00000253c884b4cc: 10a8 4b07 | e968 ffff 

  0x00000253c884b4d4: ;   {metadata({method} {0x00000253e0194e20} 'reachabilityFence' '(Ljava/lang/Object;)V' in 'java/lang/ref/Reference')}
  0x00000253c884b4d4: ff49 ba18 | 4e19 e053 | 0200 004c | 8954 2408 | 48c7 0424 | ffff ffff 

  0x00000253c884b4ec: ;   {runtime_call counter_overflow Runtime1 stub}
  0x00000253c884b4ec: e8ef a74b 

  0x00000253c884b4f0: ; ImmutableOopMap {[56]=Oop }
                      ;*synchronization entry
                      ; - java.lang.ref.Reference::reachabilityFence@-1 (line 661)
                      ; - java.security.AccessController::executePrivileged@64 (line 791)
                      ;   {internal_word}
  0x00000253c884b4f0: 07eb 8349 | ba80 b484 | c853 0200 | 004d 8997 | 6004 0000 

  0x00000253c884b504: ;   {runtime_call SafepointBlob}
  0x00000253c884b504: e9d7 b23e | 0749 8b87 | 0005 0000 | 49c7 8700 | 0500 0000 | 0000 0049 | c787 0805 | 0000 0000 
  0x00000253c884b524: 0000 4883 

  0x00000253c884b528: ;   {runtime_call unwind_exception Runtime1 stub}
  0x00000253c884b528: c450 5de9 | b008 4b07 
[Stub Code]
  0x00000253c884b530: ;   {no_reloc}
  0x00000253c884b530: 0f1f 4400 

  0x00000253c884b534: ;   {static_stub}
  0x00000253c884b534: 0048 bb00 | 0000 0000 

  0x00000253c884b53c: ;   {runtime_call nmethod}
  0x00000253c884b53c: 0000 00e9 | fbff ffff 

  0x00000253c884b544: ;   {static_stub}
  0x00000253c884b544: 48bb 0000 | 0000 0000 

  0x00000253c884b54c: ;   {runtime_call nmethod}
  0x00000253c884b54c: 0000 e9fb 

  0x00000253c884b550: ;   {runtime_call handle_exception_from_callee Runtime1 stub}
  0x00000253c884b550: ffff ffe8 | 8865 4b07 

  0x00000253c884b558: ;   {external_word}
  0x00000253c884b558: 48b9 20d5 | 8ed4 fc7f | 0000 4883 

  0x00000253c884b564: ;   {runtime_call}
  0x00000253c884b564: e4f0 48b8 | 604a 55d4 | fc7f 0000 

  0x00000253c884b570: ;   {section_word}
  0x00000253c884b570: ffd0 f449 | ba73 b584 | c853 0200 

  0x00000253c884b57c: ;   {runtime_call DeoptimizationBlob}
  0x00000253c884b57c: 0041 52e9 | 7cc6 3e07 | f4f4 f4f4 
[/MachCode]


---------------  P R O C E S S  ---------------

Threads class SMR info:
_java_thread_list=0x000002542c305440, length=22, elements={
0x00000253df8be9b0, 0x00000253df8c0710, 0x00000253df8c2470, 0x00000253df8c5320,
0x00000253df8c7e80, 0x00000253df8c89d0, 0x00000253df8d3ef0, 0x00000253df8d69d0,
0x00000253df9d86f0, 0x00000253dfc88ff0, 0x00000253dfc89660, 0x0000025425034590,
0x0000025425036280, 0x000002542567dcb0, 0x0000025426f276d0, 0x0000025426f50380,
0x0000025426ee5f00, 0x0000025426efde90, 0x0000025426efe520, 0x0000025426efebb0,
0x0000025426eff240, 0x000002542c3c3880
}

Java Threads: ( => current thread )
  0x00000253df8be9b0 JavaThread "Reference Handler"          daemon [_thread_blocked, id=32264, stack(0x0000006d4a300000,0x0000006d4a400000) (1024K)]
  0x00000253df8c0710 JavaThread "Finalizer"                  daemon [_thread_blocked, id=18712, stack(0x0000006d4a400000,0x0000006d4a500000) (1024K)]
  0x00000253df8c2470 JavaThread "Signal Dispatcher"          daemon [_thread_blocked, id=36768, stack(0x0000006d4a500000,0x0000006d4a600000) (1024K)]
  0x00000253df8c5320 JavaThread "Attach Listener"            daemon [_thread_blocked, id=36664, stack(0x0000006d4a600000,0x0000006d4a700000) (1024K)]
  0x00000253df8c7e80 JavaThread "Service Thread"             daemon [_thread_blocked, id=27848, stack(0x0000006d4a700000,0x0000006d4a800000) (1024K)]
  0x00000253df8c89d0 JavaThread "Monitor Deflation Thread"   daemon [_thread_blocked, id=12760, stack(0x0000006d4a800000,0x0000006d4a900000) (1024K)]
  0x00000253df8d3ef0 JavaThread "C2 CompilerThread0"         daemon [_thread_blocked, id=17384, stack(0x0000006d4a900000,0x0000006d4aa00000) (1024K)]
  0x00000253df8d69d0 JavaThread "C1 CompilerThread0"         daemon [_thread_blocked, id=35728, stack(0x0000006d4aa00000,0x0000006d4ab00000) (1024K)]
  0x00000253df9d86f0 JavaThread "Common-Cleaner"             daemon [_thread_blocked, id=28584, stack(0x0000006d4ab00000,0x0000006d4ac00000) (1024K)]
  0x00000253dfc88ff0 JavaThread "Monitor Ctrl-Break"         daemon [_thread_in_native, id=21704, stack(0x0000006d4ad00000,0x0000006d4ae00000) (1024K)]
  0x00000253dfc89660 JavaThread "Notification Thread"        daemon [_thread_blocked, id=11028, stack(0x0000006d4ae00000,0x0000006d4af00000) (1024K)]
  0x0000025425034590 JavaThread "Java2D Disposer"            daemon [_thread_blocked, id=37036, stack(0x0000006d4af00000,0x0000006d4b000000) (1024K)]
  0x0000025425036280 JavaThread "AWT-Shutdown"                      [_thread_blocked, id=35524, stack(0x0000006d4b000000,0x0000006d4b100000) (1024K)]
  0x000002542567dcb0 JavaThread "RMI TCP Accept-0"           daemon [_thread_in_native, id=8416, stack(0x0000006d4b300000,0x0000006d4b400000) (1024K)]
  0x0000025426f276d0 JavaThread "AWT-EventQueue-0"                  [_thread_blocked, id=31820, stack(0x0000006d4b400000,0x0000006d4b500000) (1024K)]
  0x0000025426f50380 JavaThread "RMI TCP Connection(1)-192.168.20.52" daemon [_thread_in_native, id=35672, stack(0x0000006d4b500000,0x0000006d4b600000) (1024K)]
  0x0000025426ee5f00 JavaThread "RMI Scheduler(0)"           daemon [_thread_blocked, id=35760, stack(0x0000006d4b600000,0x0000006d4b700000) (1024K)]
  0x0000025426efde90 JavaThread "JMX server connection timeout 32" daemon [_thread_blocked, id=38756, stack(0x0000006d4b700000,0x0000006d4b800000) (1024K)]
  0x0000025426efe520 JavaThread "InvokeLaterDispatcher"      daemon [_thread_blocked, id=38528, stack(0x0000006d4c200000,0x0000006d4c300000) (1024K)]
=>0x0000025426efebb0 JavaThread "JavaFX Application Thread"         [_thread_in_native, id=36856, stack(0x0000006d4c300000,0x0000006d4c400000) (1024K)]
  0x0000025426eff240 JavaThread "Thread-1"                   daemon [_thread_in_native, id=16500, stack(0x0000006d4b200000,0x0000006d4b300000) (1024K)]
  0x000002542c3c3880 JavaThread "DestroyJavaVM"                     [_thread_blocked, id=4776, stack(0x0000006d49b00000,0x0000006d49c00000) (1024K)]
Total: 22

Other Threads:
  0x00000253df8a7f30 VMThread "VM Thread"                           [id=34684, stack(0x0000006d4a200000,0x0000006d4a300000) (1024K)]
  0x00000253df897570 WatcherThread "VM Periodic Task Thread"        [id=25032, stack(0x0000006d4a100000,0x0000006d4a200000) (1024K)]
  0x00000253bffd91e0 WorkerThread "GC Thread#0"                     [id=31336, stack(0x0000006d49c00000,0x0000006d49d00000) (1024K)]
  0x000002542714f150 WorkerThread "GC Thread#1"                     [id=8744, stack(0x0000006d4b800000,0x0000006d4b900000) (1024K)]
  0x000002542714dee0 WorkerThread "GC Thread#2"                     [id=14308, stack(0x0000006d4b900000,0x0000006d4ba00000) (1024K)]
  0x000002542714e290 WorkerThread "GC Thread#3"                     [id=19216, stack(0x0000006d4ba00000,0x0000006d4bb00000) (1024K)]
  0x000002542714f500 WorkerThread "GC Thread#4"                     [id=37320, stack(0x0000006d4bb00000,0x0000006d4bc00000) (1024K)]
  0x000002542714d020 WorkerThread "GC Thread#5"                     [id=40372, stack(0x0000006d4bc00000,0x0000006d4bd00000) (1024K)]
  0x000002542714ba00 WorkerThread "GC Thread#6"                     [id=26332, stack(0x0000006d4bd00000,0x0000006d4be00000) (1024K)]
  0x000002542714bdb0 WorkerThread "GC Thread#7"                     [id=1516, stack(0x0000006d4be00000,0x0000006d4bf00000) (1024K)]
  0x000002542714c510 WorkerThread "GC Thread#8"                     [id=20384, stack(0x0000006d4bf00000,0x0000006d4c000000) (1024K)]
  0x000002542714d3d0 WorkerThread "GC Thread#9"                     [id=33248, stack(0x0000006d4c000000,0x0000006d4c100000) (1024K)]
  0x00000253bffedce0 ConcurrentGCThread "G1 Main Marker"            [id=31924, stack(0x0000006d49d00000,0x0000006d49e00000) (1024K)]
  0x00000253bffee9a0 WorkerThread "G1 Conc#0"                       [id=37000, stack(0x0000006d49e00000,0x0000006d49f00000) (1024K)]
  0x00000253c003eb20 ConcurrentGCThread "G1 Refine#0"               [id=33708, stack(0x0000006d49f00000,0x0000006d4a000000) (1024K)]
  0x00000253df76a7c0 ConcurrentGCThread "G1 Service"                [id=23532, stack(0x0000006d4a000000,0x0000006d4a100000) (1024K)]
Total: 16

Threads with active compile tasks:
Total: 0

VM state: not at safepoint (normal execution)

VM Mutex/Monitor currently owned by a thread: None

Heap address: 0x0000000704400000, size: 4028 MB, Compressed Oops mode: Zero based, Oop shift amount: 3

CDS archive(s) mapped at: [0x00000253e0000000-0x00000253e0d70000-0x00000253e0d70000), size 14090240, SharedBaseAddress: 0x00000253e0000000, ArchiveRelocationMode: 1.
Compressed class space mapped at: 0x00000253e1000000-0x0000025421000000, reserved size: 1073741824
Narrow klass base: 0x00000253e0000000, Narrow klass shift: 0, Narrow klass range: 0x41000000

GC Precious Log:
 CardTable entry size: 512
 Card Set container configuration: InlinePtr #cards 4 size 8 Array Of Cards #cards 16 size 48 Howl #buckets 8 coarsen threshold 3686 Howl Bitmap #cards 512 size 80 coarsen threshold 460 Card regions per heap region 1 cards per card region 4096
 CPUs: 12 total, 12 available
 Memory: 16106M
 Large Page Support: Disabled
 NUMA Support: Disabled
 Compressed Oops: Enabled (Zero based)
 Heap Region Size: 2M
 Heap Min Capacity: 8M
 Heap Initial Capacity: 252M
 Heap Max Capacity: 4028M
 Pre-touch: Disabled
 Parallel Workers: 10
 Concurrent Workers: 3
 Concurrent Refinement Workers: 10
 Periodic GC: Disabled

Heap:
 garbage-first heap   total reserved 4124672K, committed 258048K, used 24303K [0x0000000704400000, 0x0000000800000000)
  region size 2048K, 11 young (22528K), 2 survivors (4096K)
 Metaspace       used 19638K, committed 20032K, reserved 1114112K
  class space    used 2331K, committed 2496K, reserved 1048576K

Heap Regions: E=young(eden), S=young(survivor), O=old, HS=humongous(starts), HC=humongous(continues), CS=collection set, F=free, TAMS=top-at-mark-start, PB=parsable bottom
|   0|0x0000000704400000, 0x00000007045bbd38, 0x0000000704600000| 86%| O|  |TAMS 0x0000000704400000| PB 0x0000000704400000| Untracked |  0
|   1|0x0000000704600000, 0x0000000704800000, 0x0000000704800000|100%|HS|  |TAMS 0x0000000704600000| PB 0x0000000704600000| Complete |  1
|   2|0x0000000704800000, 0x0000000704a00000, 0x0000000704a00000|100%|HC|  |TAMS 0x0000000704800000| PB 0x0000000704800000| Complete |  0
|   3|0x0000000704a00000, 0x0000000704a00000, 0x0000000704c00000|  0%| F|  |TAMS 0x0000000704a00000| PB 0x0000000704a00000| Untracked |  0
|   4|0x0000000704c00000, 0x0000000704c00000, 0x0000000704e00000|  0%| F|  |TAMS 0x0000000704c00000| PB 0x0000000704c00000| Untracked |  0
|   5|0x0000000704e00000, 0x0000000704e00000, 0x0000000705000000|  0%| F|  |TAMS 0x0000000704e00000| PB 0x0000000704e00000| Untracked |  0
|   6|0x0000000705000000, 0x0000000705000000, 0x0000000705200000|  0%| F|  |TAMS 0x0000000705000000| PB 0x0000000705000000| Untracked |  0
|   7|0x0000000705200000, 0x0000000705200000, 0x0000000705400000|  0%| F|  |TAMS 0x0000000705200000| PB 0x0000000705200000| Untracked |  0
|   8|0x0000000705400000, 0x0000000705400000, 0x0000000705600000|  0%| F|  |TAMS 0x0000000705400000| PB 0x0000000705400000| Untracked |  0
|   9|0x0000000705600000, 0x0000000705600000, 0x0000000705800000|  0%| F|  |TAMS 0x0000000705600000| PB 0x0000000705600000| Untracked |  0
|  10|0x0000000705800000, 0x0000000705800000, 0x0000000705a00000|  0%| F|  |TAMS 0x0000000705800000| PB 0x0000000705800000| Untracked |  0
|  11|0x0000000705a00000, 0x0000000705a00000, 0x0000000705c00000|  0%| F|  |TAMS 0x0000000705a00000| PB 0x0000000705a00000| Untracked |  0
|  12|0x0000000705c00000, 0x0000000705c00000, 0x0000000705e00000|  0%| F|  |TAMS 0x0000000705c00000| PB 0x0000000705c00000| Untracked |  0
|  13|0x0000000705e00000, 0x0000000705e00000, 0x0000000706000000|  0%| F|  |TAMS 0x0000000705e00000| PB 0x0000000705e00000| Untracked |  0
|  14|0x0000000706000000, 0x0000000706000000, 0x0000000706200000|  0%| F|  |TAMS 0x0000000706000000| PB 0x0000000706000000| Untracked |  0
|  15|0x0000000706200000, 0x0000000706200000, 0x0000000706400000|  0%| F|  |TAMS 0x0000000706200000| PB 0x0000000706200000| Untracked |  0
|  16|0x0000000706400000, 0x0000000706400000, 0x0000000706600000|  0%| F|  |TAMS 0x0000000706400000| PB 0x0000000706400000| Untracked |  0
|  17|0x0000000706600000, 0x0000000706600000, 0x0000000706800000|  0%| F|  |TAMS 0x0000000706600000| PB 0x0000000706600000| Untracked |  0
|  18|0x0000000706800000, 0x0000000706800000, 0x0000000706a00000|  0%| F|  |TAMS 0x0000000706800000| PB 0x0000000706800000| Untracked |  0
|  19|0x0000000706a00000, 0x0000000706a00000, 0x0000000706c00000|  0%| F|  |TAMS 0x0000000706a00000| PB 0x0000000706a00000| Untracked |  0
|  20|0x0000000706c00000, 0x0000000706c00000, 0x0000000706e00000|  0%| F|  |TAMS 0x0000000706c00000| PB 0x0000000706c00000| Untracked |  0
|  21|0x0000000706e00000, 0x0000000706e00000, 0x0000000707000000|  0%| F|  |TAMS 0x0000000706e00000| PB 0x0000000706e00000| Untracked |  0
|  22|0x0000000707000000, 0x0000000707000000, 0x0000000707200000|  0%| F|  |TAMS 0x0000000707000000| PB 0x0000000707000000| Untracked |  0
|  23|0x0000000707200000, 0x0000000707200000, 0x0000000707400000|  0%| F|  |TAMS 0x0000000707200000| PB 0x0000000707200000| Untracked |  0
|  24|0x0000000707400000, 0x0000000707400000, 0x0000000707600000|  0%| F|  |TAMS 0x0000000707400000| PB 0x0000000707400000| Untracked |  0
|  25|0x0000000707600000, 0x0000000707600000, 0x0000000707800000|  0%| F|  |TAMS 0x0000000707600000| PB 0x0000000707600000| Untracked |  0
|  26|0x0000000707800000, 0x0000000707800000, 0x0000000707a00000|  0%| F|  |TAMS 0x0000000707800000| PB 0x0000000707800000| Untracked |  0
|  27|0x0000000707a00000, 0x0000000707a00000, 0x0000000707c00000|  0%| F|  |TAMS 0x0000000707a00000| PB 0x0000000707a00000| Untracked |  0
|  28|0x0000000707c00000, 0x0000000707c00000, 0x0000000707e00000|  0%| F|  |TAMS 0x0000000707c00000| PB 0x0000000707c00000| Untracked |  0
|  29|0x0000000707e00000, 0x0000000707e00000, 0x0000000708000000|  0%| F|  |TAMS 0x0000000707e00000| PB 0x0000000707e00000| Untracked |  0
|  30|0x0000000708000000, 0x0000000708000000, 0x0000000708200000|  0%| F|  |TAMS 0x0000000708000000| PB 0x0000000708000000| Untracked |  0
|  31|0x0000000708200000, 0x0000000708200000, 0x0000000708400000|  0%| F|  |TAMS 0x0000000708200000| PB 0x0000000708200000| Untracked |  0
|  32|0x0000000708400000, 0x0000000708400000, 0x0000000708600000|  0%| F|  |TAMS 0x0000000708400000| PB 0x0000000708400000| Untracked |  0
|  33|0x0000000708600000, 0x0000000708600000, 0x0000000708800000|  0%| F|  |TAMS 0x0000000708600000| PB 0x0000000708600000| Untracked |  0
|  34|0x0000000708800000, 0x0000000708800000, 0x0000000708a00000|  0%| F|  |TAMS 0x0000000708800000| PB 0x0000000708800000| Untracked |  0
|  35|0x0000000708a00000, 0x0000000708a00000, 0x0000000708c00000|  0%| F|  |TAMS 0x0000000708a00000| PB 0x0000000708a00000| Untracked |  0
|  36|0x0000000708c00000, 0x0000000708c00000, 0x0000000708e00000|  0%| F|  |TAMS 0x0000000708c00000| PB 0x0000000708c00000| Untracked |  0
|  37|0x0000000708e00000, 0x0000000708e00000, 0x0000000709000000|  0%| F|  |TAMS 0x0000000708e00000| PB 0x0000000708e00000| Untracked |  0
|  38|0x0000000709000000, 0x0000000709000000, 0x0000000709200000|  0%| F|  |TAMS 0x0000000709000000| PB 0x0000000709000000| Untracked |  0
|  39|0x0000000709200000, 0x0000000709200000, 0x0000000709400000|  0%| F|  |TAMS 0x0000000709200000| PB 0x0000000709200000| Untracked |  0
|  40|0x0000000709400000, 0x0000000709400000, 0x0000000709600000|  0%| F|  |TAMS 0x0000000709400000| PB 0x0000000709400000| Untracked |  0
|  41|0x0000000709600000, 0x0000000709600000, 0x0000000709800000|  0%| F|  |TAMS 0x0000000709600000| PB 0x0000000709600000| Untracked |  0
|  42|0x0000000709800000, 0x0000000709800000, 0x0000000709a00000|  0%| F|  |TAMS 0x0000000709800000| PB 0x0000000709800000| Untracked |  0
|  43|0x0000000709a00000, 0x0000000709a00000, 0x0000000709c00000|  0%| F|  |TAMS 0x0000000709a00000| PB 0x0000000709a00000| Untracked |  0
|  44|0x0000000709c00000, 0x0000000709c00000, 0x0000000709e00000|  0%| F|  |TAMS 0x0000000709c00000| PB 0x0000000709c00000| Untracked |  0
|  45|0x0000000709e00000, 0x0000000709e00000, 0x000000070a000000|  0%| F|  |TAMS 0x0000000709e00000| PB 0x0000000709e00000| Untracked |  0
|  46|0x000000070a000000, 0x000000070a000000, 0x000000070a200000|  0%| F|  |TAMS 0x000000070a000000| PB 0x000000070a000000| Untracked |  0
|  47|0x000000070a200000, 0x000000070a200000, 0x000000070a400000|  0%| F|  |TAMS 0x000000070a200000| PB 0x000000070a200000| Untracked |  0
|  48|0x000000070a400000, 0x000000070a400000, 0x000000070a600000|  0%| F|  |TAMS 0x000000070a400000| PB 0x000000070a400000| Untracked |  0
|  49|0x000000070a600000, 0x000000070a600000, 0x000000070a800000|  0%| F|  |TAMS 0x000000070a600000| PB 0x000000070a600000| Untracked |  0
|  50|0x000000070a800000, 0x000000070a800000, 0x000000070aa00000|  0%| F|  |TAMS 0x000000070a800000| PB 0x000000070a800000| Untracked |  0
|  51|0x000000070aa00000, 0x000000070aa00000, 0x000000070ac00000|  0%| F|  |TAMS 0x000000070aa00000| PB 0x000000070aa00000| Untracked |  0
|  52|0x000000070ac00000, 0x000000070ac00000, 0x000000070ae00000|  0%| F|  |TAMS 0x000000070ac00000| PB 0x000000070ac00000| Untracked |  0
|  53|0x000000070ae00000, 0x000000070ae00000, 0x000000070b000000|  0%| F|  |TAMS 0x000000070ae00000| PB 0x000000070ae00000| Untracked |  0
|  54|0x000000070b000000, 0x000000070b000000, 0x000000070b200000|  0%| F|  |TAMS 0x000000070b000000| PB 0x000000070b000000| Untracked |  0
|  55|0x000000070b200000, 0x000000070b200000, 0x000000070b400000|  0%| F|  |TAMS 0x000000070b200000| PB 0x000000070b200000| Untracked |  0
|  56|0x000000070b400000, 0x000000070b400000, 0x000000070b600000|  0%| F|  |TAMS 0x000000070b400000| PB 0x000000070b400000| Untracked |  0
|  57|0x000000070b600000, 0x000000070b600000, 0x000000070b800000|  0%| F|  |TAMS 0x000000070b600000| PB 0x000000070b600000| Untracked |  0
|  58|0x000000070b800000, 0x000000070b800000, 0x000000070ba00000|  0%| F|  |TAMS 0x000000070b800000| PB 0x000000070b800000| Untracked |  0
|  59|0x000000070ba00000, 0x000000070ba00000, 0x000000070bc00000|  0%| F|  |TAMS 0x000000070ba00000| PB 0x000000070ba00000| Untracked |  0
|  60|0x000000070bc00000, 0x000000070bc00000, 0x000000070be00000|  0%| F|  |TAMS 0x000000070bc00000| PB 0x000000070bc00000| Untracked |  0
|  61|0x000000070be00000, 0x000000070be00000, 0x000000070c000000|  0%| F|  |TAMS 0x000000070be00000| PB 0x000000070be00000| Untracked |  0
|  62|0x000000070c000000, 0x000000070c000000, 0x000000070c200000|  0%| F|  |TAMS 0x000000070c000000| PB 0x000000070c000000| Untracked |  0
|  63|0x000000070c200000, 0x000000070c200000, 0x000000070c400000|  0%| F|  |TAMS 0x000000070c200000| PB 0x000000070c200000| Untracked |  0
|  64|0x000000070c400000, 0x000000070c400000, 0x000000070c600000|  0%| F|  |TAMS 0x000000070c400000| PB 0x000000070c400000| Untracked |  0
|  65|0x000000070c600000, 0x000000070c600000, 0x000000070c800000|  0%| F|  |TAMS 0x000000070c600000| PB 0x000000070c600000| Untracked |  0
|  66|0x000000070c800000, 0x000000070c800000, 0x000000070ca00000|  0%| F|  |TAMS 0x000000070c800000| PB 0x000000070c800000| Untracked |  0
|  67|0x000000070ca00000, 0x000000070ca00000, 0x000000070cc00000|  0%| F|  |TAMS 0x000000070ca00000| PB 0x000000070ca00000| Untracked |  0
|  68|0x000000070cc00000, 0x000000070cc00000, 0x000000070ce00000|  0%| F|  |TAMS 0x000000070cc00000| PB 0x000000070cc00000| Untracked |  0
|  69|0x000000070ce00000, 0x000000070ce00000, 0x000000070d000000|  0%| F|  |TAMS 0x000000070ce00000| PB 0x000000070ce00000| Untracked |  0
|  70|0x000000070d000000, 0x000000070d000000, 0x000000070d200000|  0%| F|  |TAMS 0x000000070d000000| PB 0x000000070d000000| Untracked |  0
|  71|0x000000070d200000, 0x000000070d200000, 0x000000070d400000|  0%| F|  |TAMS 0x000000070d200000| PB 0x000000070d200000| Untracked |  0
|  72|0x000000070d400000, 0x000000070d400000, 0x000000070d600000|  0%| F|  |TAMS 0x000000070d400000| PB 0x000000070d400000| Untracked |  0
|  73|0x000000070d600000, 0x000000070d600000, 0x000000070d800000|  0%| F|  |TAMS 0x000000070d600000| PB 0x000000070d600000| Untracked |  0
|  74|0x000000070d800000, 0x000000070d800000, 0x000000070da00000|  0%| F|  |TAMS 0x000000070d800000| PB 0x000000070d800000| Untracked |  0
|  75|0x000000070da00000, 0x000000070da00000, 0x000000070dc00000|  0%| F|  |TAMS 0x000000070da00000| PB 0x000000070da00000| Untracked |  0
|  76|0x000000070dc00000, 0x000000070dc00000, 0x000000070de00000|  0%| F|  |TAMS 0x000000070dc00000| PB 0x000000070dc00000| Untracked |  0
|  77|0x000000070de00000, 0x000000070de00000, 0x000000070e000000|  0%| F|  |TAMS 0x000000070de00000| PB 0x000000070de00000| Untracked |  0
|  78|0x000000070e000000, 0x000000070e000000, 0x000000070e200000|  0%| F|  |TAMS 0x000000070e000000| PB 0x000000070e000000| Untracked |  0
|  79|0x000000070e200000, 0x000000070e200000, 0x000000070e400000|  0%| F|  |TAMS 0x000000070e200000| PB 0x000000070e200000| Untracked |  0
|  80|0x000000070e400000, 0x000000070e400000, 0x000000070e600000|  0%| F|  |TAMS 0x000000070e400000| PB 0x000000070e400000| Untracked |  0
|  81|0x000000070e600000, 0x000000070e600000, 0x000000070e800000|  0%| F|  |TAMS 0x000000070e600000| PB 0x000000070e600000| Untracked |  0
|  82|0x000000070e800000, 0x000000070e800000, 0x000000070ea00000|  0%| F|  |TAMS 0x000000070e800000| PB 0x000000070e800000| Untracked |  0
|  83|0x000000070ea00000, 0x000000070ea00000, 0x000000070ec00000|  0%| F|  |TAMS 0x000000070ea00000| PB 0x000000070ea00000| Untracked |  0
|  84|0x000000070ec00000, 0x000000070ec00000, 0x000000070ee00000|  0%| F|  |TAMS 0x000000070ec00000| PB 0x000000070ec00000| Untracked |  0
|  85|0x000000070ee00000, 0x000000070ee00000, 0x000000070f000000|  0%| F|  |TAMS 0x000000070ee00000| PB 0x000000070ee00000| Untracked |  0
|  86|0x000000070f000000, 0x000000070f000000, 0x000000070f200000|  0%| F|  |TAMS 0x000000070f000000| PB 0x000000070f000000| Untracked |  0
|  87|0x000000070f200000, 0x000000070f200000, 0x000000070f400000|  0%| F|  |TAMS 0x000000070f200000| PB 0x000000070f200000| Untracked |  0
|  88|0x000000070f400000, 0x000000070f400000, 0x000000070f600000|  0%| F|  |TAMS 0x000000070f400000| PB 0x000000070f400000| Untracked |  0
|  89|0x000000070f600000, 0x000000070f600000, 0x000000070f800000|  0%| F|  |TAMS 0x000000070f600000| PB 0x000000070f600000| Untracked |  0
|  90|0x000000070f800000, 0x000000070f800000, 0x000000070fa00000|  0%| F|  |TAMS 0x000000070f800000| PB 0x000000070f800000| Untracked |  0
|  91|0x000000070fa00000, 0x000000070fa00000, 0x000000070fc00000|  0%| F|  |TAMS 0x000000070fa00000| PB 0x000000070fa00000| Untracked |  0
|  92|0x000000070fc00000, 0x000000070fc00000, 0x000000070fe00000|  0%| F|  |TAMS 0x000000070fc00000| PB 0x000000070fc00000| Untracked |  0
|  93|0x000000070fe00000, 0x000000070fe00000, 0x0000000710000000|  0%| F|  |TAMS 0x000000070fe00000| PB 0x000000070fe00000| Untracked |  0
|  94|0x0000000710000000, 0x0000000710000000, 0x0000000710200000|  0%| F|  |TAMS 0x0000000710000000| PB 0x0000000710000000| Untracked |  0
|  95|0x0000000710200000, 0x0000000710200000, 0x0000000710400000|  0%| F|  |TAMS 0x0000000710200000| PB 0x0000000710200000| Untracked |  0
|  96|0x0000000710400000, 0x0000000710400000, 0x0000000710600000|  0%| F|  |TAMS 0x0000000710400000| PB 0x0000000710400000| Untracked |  0
|  97|0x0000000710600000, 0x0000000710600000, 0x0000000710800000|  0%| F|  |TAMS 0x0000000710600000| PB 0x0000000710600000| Untracked |  0
|  98|0x0000000710800000, 0x0000000710800000, 0x0000000710a00000|  0%| F|  |TAMS 0x0000000710800000| PB 0x0000000710800000| Untracked |  0
|  99|0x0000000710a00000, 0x0000000710a00000, 0x0000000710c00000|  0%| F|  |TAMS 0x0000000710a00000| PB 0x0000000710a00000| Untracked |  0
| 100|0x0000000710c00000, 0x0000000710c00000, 0x0000000710e00000|  0%| F|  |TAMS 0x0000000710c00000| PB 0x0000000710c00000| Untracked |  0
| 101|0x0000000710e00000, 0x0000000710e00000, 0x0000000711000000|  0%| F|  |TAMS 0x0000000710e00000| PB 0x0000000710e00000| Untracked |  0
| 102|0x0000000711000000, 0x0000000711000000, 0x0000000711200000|  0%| F|  |TAMS 0x0000000711000000| PB 0x0000000711000000| Untracked |  0
| 103|0x0000000711200000, 0x0000000711200000, 0x0000000711400000|  0%| F|  |TAMS 0x0000000711200000| PB 0x0000000711200000| Untracked |  0
| 104|0x0000000711400000, 0x0000000711400000, 0x0000000711600000|  0%| F|  |TAMS 0x0000000711400000| PB 0x0000000711400000| Untracked |  0
| 105|0x0000000711600000, 0x0000000711600000, 0x0000000711800000|  0%| F|  |TAMS 0x0000000711600000| PB 0x0000000711600000| Untracked |  0
| 106|0x0000000711800000, 0x0000000711800000, 0x0000000711a00000|  0%| F|  |TAMS 0x0000000711800000| PB 0x0000000711800000| Untracked |  0
| 107|0x0000000711a00000, 0x0000000711a00000, 0x0000000711c00000|  0%| F|  |TAMS 0x0000000711a00000| PB 0x0000000711a00000| Untracked |  0
| 108|0x0000000711c00000, 0x0000000711c00000, 0x0000000711e00000|  0%| F|  |TAMS 0x0000000711c00000| PB 0x0000000711c00000| Untracked |  0
| 109|0x0000000711e00000, 0x0000000711e00000, 0x0000000712000000|  0%| F|  |TAMS 0x0000000711e00000| PB 0x0000000711e00000| Untracked |  0
| 110|0x0000000712000000, 0x0000000712000000, 0x0000000712200000|  0%| F|  |TAMS 0x0000000712000000| PB 0x0000000712000000| Untracked |  0
| 111|0x0000000712200000, 0x0000000712200000, 0x0000000712400000|  0%| F|  |TAMS 0x0000000712200000| PB 0x0000000712200000| Untracked |  0
| 112|0x0000000712400000, 0x0000000712600000, 0x0000000712600000|100%| S|CS|TAMS 0x0000000712400000| PB 0x0000000712400000| Complete |  0
| 113|0x0000000712600000, 0x0000000712800000, 0x0000000712800000|100%| S|CS|TAMS 0x0000000712600000| PB 0x0000000712600000| Complete |  0
| 114|0x0000000712800000, 0x0000000712800000, 0x0000000712a00000|  0%| F|  |TAMS 0x0000000712800000| PB 0x0000000712800000| Untracked |  0
| 115|0x0000000712a00000, 0x0000000712a00000, 0x0000000712c00000|  0%| F|  |TAMS 0x0000000712a00000| PB 0x0000000712a00000| Untracked |  0
| 116|0x0000000712c00000, 0x0000000712c00000, 0x0000000712e00000|  0%| F|  |TAMS 0x0000000712c00000| PB 0x0000000712c00000| Untracked |  0
| 117|0x0000000712e00000, 0x0000000712eda550, 0x0000000713000000| 42%| E|  |TAMS 0x0000000712e00000| PB 0x0000000712e00000| Complete |  0
| 118|0x0000000713000000, 0x0000000713200000, 0x0000000713200000|100%| E|CS|TAMS 0x0000000713000000| PB 0x0000000713000000| Complete |  0
| 119|0x0000000713200000, 0x0000000713400000, 0x0000000713400000|100%| E|CS|TAMS 0x0000000713200000| PB 0x0000000713200000| Complete |  0
| 120|0x0000000713400000, 0x0000000713600000, 0x0000000713600000|100%| E|  |TAMS 0x0000000713400000| PB 0x0000000713400000| Complete |  0
| 121|0x0000000713600000, 0x0000000713800000, 0x0000000713800000|100%| E|CS|TAMS 0x0000000713600000| PB 0x0000000713600000| Complete |  0
| 122|0x0000000713800000, 0x0000000713a00000, 0x0000000713a00000|100%| E|CS|TAMS 0x0000000713800000| PB 0x0000000713800000| Complete |  0
| 123|0x0000000713a00000, 0x0000000713c00000, 0x0000000713c00000|100%| E|CS|TAMS 0x0000000713a00000| PB 0x0000000713a00000| Complete |  0
| 124|0x0000000713c00000, 0x0000000713e00000, 0x0000000713e00000|100%| E|CS|TAMS 0x0000000713c00000| PB 0x0000000713c00000| Complete |  0
| 125|0x0000000713e00000, 0x0000000714000000, 0x0000000714000000|100%| E|CS|TAMS 0x0000000713e00000| PB 0x0000000713e00000| Complete |  0

Card table byte_map: [0x00000253d8500000,0x00000253d8ce0000] _byte_map_base: 0x00000253d4cde000

Marking Bits: (CMBitMap*) 0x00000253bffd98f0
 Bits: [0x00000253d8ce0000, 0x00000253dcbd0000)

Polling page: 0x00000253bddf0000

Metaspace:

Usage:
  Non-class:     16.90 MB used.
      Class:      2.28 MB used.
       Both:     19.18 MB used.

Virtual space:
  Non-class space:       64.00 MB reserved,      17.12 MB ( 27%) committed,  1 nodes.
      Class space:        1.00 GB reserved,       2.44 MB ( <1%) committed,  1 nodes.
             Both:        1.06 GB reserved,      19.56 MB (  2%) committed. 

Chunk freelists:
   Non-Class:  14.04 MB
       Class:  13.61 MB
        Both:  27.65 MB

MaxMetaspaceSize: unlimited
CompressedClassSpaceSize: 1.00 GB
Initial GC threshold: 21.00 MB
Current GC threshold: 21.00 MB
CDS: on
 - commit_granule_bytes: 65536.
 - commit_granule_words: 8192.
 - virtual_space_node_default_size: 8388608.
 - enlarge_chunks_in_place: 1.
 - use_allocation_guard: 0.


Internal statistics:

num_allocs_failed_limit: 0.
num_arena_births: 384.
num_arena_deaths: 0.
num_vsnodes_births: 2.
num_vsnodes_deaths: 0.
num_space_committed: 313.
num_space_uncommitted: 0.
num_chunks_returned_to_freelist: 0.
num_chunks_taken_from_freelist: 729.
num_chunk_merges: 0.
num_chunk_splits: 449.
num_chunks_enlarged: 264.
num_inconsistent_stats: 0.

CodeHeap 'non-profiled nmethods': size=120064Kb used=772Kb max_used=772Kb free=119291Kb
 bounds [0x00000253d0170000, 0x00000253d03e0000, 0x00000253d76b0000]
CodeHeap 'profiled nmethods': size=120000Kb used=3111Kb max_used=3111Kb free=116888Kb
 bounds [0x00000253c86b0000, 0x00000253c89c0000, 0x00000253cfbe0000]
CodeHeap 'non-nmethods': size=5696Kb used=2026Kb max_used=2040Kb free=3669Kb
 bounds [0x00000253cfbe0000, 0x00000253cfe50000, 0x00000253d0170000]
CodeCache: size=245760Kb, used=5909Kb, max_used=5923Kb, free=239848Kb
 total_blobs=3205, nmethods=2345, adapters=765, full_count=0
Compilation: enabled, stopped_count=0, restarted_count=0

Compilation events (20 events):
Event: 2.319 Thread 0x00000253df8d69d0 nmethod 2320 0x00000253c89ade88 code [0x00000253c89adfc0, 0x00000253c89ae268]
Event: 2.321 Thread 0x00000253df8d69d0 2321  s!   3       com.sun.javafx.font.FontFileReader::openFile (48 bytes)
Event: 2.322 Thread 0x00000253df8d69d0 nmethod 2321 0x00000253c89ae288 code [0x00000253c89ae480, 0x00000253c89af188]
Event: 2.322 Thread 0x00000253df8d69d0 2322       3       com.sun.javafx.font.FontFileReader$Buffer::getChar (45 bytes)
Event: 2.322 Thread 0x00000253df8d69d0 nmethod 2322 0x00000253c89af288 code [0x00000253c89af3a0, 0x00000253c89af528]
Event: 2.322 Thread 0x00000253df8d69d0 2323       3       com.sun.javafx.font.directwrite.IUnknown::<init> (10 bytes)
Event: 2.322 Thread 0x00000253df8d69d0 nmethod 2323 0x00000253c89af588 code [0x00000253c89af6a0, 0x00000253c89af808]
Event: 2.325 Thread 0x00000253df8d69d0 2324       3       java.lang.String::toCharArray (25 bytes)
Event: 2.326 Thread 0x00000253df8d69d0 nmethod 2324 0x00000253c89af888 code [0x00000253c89af9e0, 0x00000253c89afc80]
Event: 2.326 Thread 0x00000253df8d69d0 2326       3       com.sun.javafx.font.PrismFontFile::initNames (651 bytes)
Event: 2.328 Thread 0x00000253df8d69d0 nmethod 2326 0x00000253c89afd08 code [0x00000253c89b0040, 0x00000253c89b1a30]
Event: 2.328 Thread 0x00000253df8d69d0 2328   !   3       com.sun.javafx.font.PrismFontFile::init (941 bytes)
Event: 2.331 Thread 0x00000253df8d3ef0 2331 %     4       java.util.ArrayList::indexOfRange @ 42 (71 bytes)
Event: 2.331 Thread 0x00000253df8d69d0 nmethod 2328 0x00000253c89b1a88 code [0x00000253c89b2200, 0x00000253c89b63d8]
Event: 2.331 Thread 0x00000253df8d69d0 2330       1       com.sun.javafx.font.PrismFontFactory::isExcluded (2 bytes)
Event: 2.331 Thread 0x00000253df8d69d0 nmethod 2330 0x00000253d022fa08 code [0x00000253d022fb20, 0x00000253d022fbe8]
Event: 2.331 Thread 0x00000253df8d69d0 2329       3       java.util.ArrayList::fastRemove (44 bytes)
Event: 2.332 Thread 0x00000253df8d69d0 nmethod 2329 0x00000253c89b6508 code [0x00000253c89b6640, 0x00000253c89b6a18]
Event: 2.333 Thread 0x00000253df8d69d0 2332       3       java.lang.String::valueOf (15 bytes)
Event: 2.333 Thread 0x00000253df8d69d0 nmethod 2332 0x00000253c89b6a88 code [0x00000253c89b6bc0, 0x00000253c89b6dc0]

GC Heap History (2 events):
Event: 0.882 GC heap before
{Heap before GC invocations=0 (full 0):
 garbage-first heap   total reserved 4124672K, committed 258048K, used 24576K [0x0000000704400000, 0x0000000800000000)
  region size 2048K, 12 young (24576K), 0 survivors (0K)
 Metaspace       used 14612K, committed 14912K, reserved 1114112K
  class space    used 1682K, committed 1792K, reserved 1048576K
}
Event: 0.889 GC heap after
{Heap after GC invocations=1 (full 0):
 garbage-first heap   total reserved 4124672K, committed 258048K, used 5871K [0x0000000704400000, 0x0000000800000000)
  region size 2048K, 2 young (4096K), 2 survivors (4096K)
 Metaspace       used 14612K, committed 14912K, reserved 1114112K
  class space    used 1682K, committed 1792K, reserved 1048576K
}

Dll operation events (20 events):
Event: 1.019 Loaded shared library C:\Users\Abii\.openjfx\cache\22+30\amd64\api-ms-win-crt-locale-l1-1-0.dll
Event: 1.022 Loaded shared library C:\Users\Abii\.openjfx\cache\22+30\amd64\api-ms-win-crt-math-l1-1-0.dll
Event: 1.026 Loaded shared library C:\Users\Abii\.openjfx\cache\22+30\amd64\api-ms-win-crt-multibyte-l1-1-0.dll
Event: 1.030 Loaded shared library C:\Users\Abii\.openjfx\cache\22+30\amd64\api-ms-win-crt-private-l1-1-0.dll
Event: 1.033 Loaded shared library C:\Users\Abii\.openjfx\cache\22+30\amd64\api-ms-win-crt-process-l1-1-0.dll
Event: 1.036 Loaded shared library C:\Users\Abii\.openjfx\cache\22+30\amd64\api-ms-win-crt-runtime-l1-1-0.dll
Event: 1.039 Loaded shared library C:\Users\Abii\.openjfx\cache\22+30\amd64\api-ms-win-crt-stdio-l1-1-0.dll
Event: 1.042 Loaded shared library C:\Users\Abii\.openjfx\cache\22+30\amd64\api-ms-win-crt-string-l1-1-0.dll
Event: 1.045 Loaded shared library C:\Users\Abii\.openjfx\cache\22+30\amd64\api-ms-win-crt-time-l1-1-0.dll
Event: 1.048 Loaded shared library C:\Users\Abii\.openjfx\cache\22+30\amd64\api-ms-win-crt-utility-l1-1-0.dll
Event: 1.067 Loaded shared library C:\Users\Abii\.openjfx\cache\22+30\amd64\ucrtbase.dll
Event: 1.071 Loaded shared library C:\Users\Abii\.openjfx\cache\22+30\amd64\vcruntime140.dll
Event: 1.075 Loaded shared library C:\Users\Abii\.openjfx\cache\22+30\amd64\vcruntime140_1.dll
Event: 1.085 Loaded shared library C:\Users\Abii\.openjfx\cache\22+30\amd64\msvcp140.dll
Event: 1.089 Loaded shared library C:\Users\Abii\.openjfx\cache\22+30\amd64\msvcp140_1.dll
Event: 1.095 Loaded shared library C:\Users\Abii\.openjfx\cache\22+30\amd64\msvcp140_2.dll
Event: 1.136 Loaded shared library C:\Users\Abii\.openjfx\cache\22+30\amd64\prism_d3d.dll
Event: 1.180 Loaded shared library C:\Users\Abii\.openjfx\cache\22+30\amd64\glass.dll
Event: 2.225 Loaded shared library C:\Users\Abii\.openjfx\cache\22+30\amd64\jfxwebkit.dll
Event: 2.250 Loaded shared library C:\Users\Abii\.openjfx\cache\22+30\amd64\javafx_font.dll

Deoptimization events (20 events):
Event: 1.111 Thread 0x00000253bdba1f20 Uncommon trap: trap_request=0xffffffde fr.pc=0x00000253d020dd28 relative=0x0000000000000108
Event: 1.111 Thread 0x00000253bdba1f20 Uncommon trap: reason=class_check action=maybe_recompile pc=0x00000253d020dd28 method=jdk.internal.misc.Unsafe.allocateUninitializedArray(Ljava/lang/Class;I)Ljava/lang/Object; @ 51 c2
Event: 1.111 Thread 0x00000253bdba1f20 DEOPT PACKING pc=0x00000253d020dd28 sp=0x0000006d49bfdab0
Event: 1.111 Thread 0x00000253bdba1f20 DEOPT UNPACKING pc=0x00000253cfc37982 sp=0x0000006d49bfda28 mode 2
Event: 1.111 Thread 0x00000253bdba1f20 Uncommon trap: trap_request=0xffffffde fr.pc=0x00000253d020dd28 relative=0x0000000000000108
Event: 1.111 Thread 0x00000253bdba1f20 Uncommon trap: reason=class_check action=maybe_recompile pc=0x00000253d020dd28 method=jdk.internal.misc.Unsafe.allocateUninitializedArray(Ljava/lang/Class;I)Ljava/lang/Object; @ 51 c2
Event: 1.111 Thread 0x00000253bdba1f20 DEOPT PACKING pc=0x00000253d020dd28 sp=0x0000006d49bfda60
Event: 1.111 Thread 0x00000253bdba1f20 DEOPT UNPACKING pc=0x00000253cfc37982 sp=0x0000006d49bfd9d8 mode 2
Event: 1.111 Thread 0x00000253bdba1f20 Uncommon trap: trap_request=0xffffffde fr.pc=0x00000253d020dd28 relative=0x0000000000000108
Event: 1.111 Thread 0x00000253bdba1f20 Uncommon trap: reason=class_check action=maybe_recompile pc=0x00000253d020dd28 method=jdk.internal.misc.Unsafe.allocateUninitializedArray(Ljava/lang/Class;I)Ljava/lang/Object; @ 51 c2
Event: 1.111 Thread 0x00000253bdba1f20 DEOPT PACKING pc=0x00000253d020dd28 sp=0x0000006d49bfd7a0
Event: 1.111 Thread 0x00000253bdba1f20 DEOPT UNPACKING pc=0x00000253cfc37982 sp=0x0000006d49bfd718 mode 2
Event: 1.661 Thread 0x0000025426efebb0 Uncommon trap: trap_request=0xffffff45 fr.pc=0x00000253d0221630 relative=0x0000000000000970
Event: 1.661 Thread 0x0000025426efebb0 Uncommon trap: reason=unstable_if action=reinterpret pc=0x00000253d0221630 method=java.util.zip.InflaterInputStream.read([BII)I @ 74 c2
Event: 1.661 Thread 0x0000025426efebb0 DEOPT PACKING pc=0x00000253d0221630 sp=0x0000006d4c3fd7f0
Event: 1.661 Thread 0x0000025426efebb0 DEOPT UNPACKING pc=0x00000253cfc37982 sp=0x0000006d4c3fd660 mode 2
Event: 1.928 Thread 0x0000025426efebb0 Uncommon trap: trap_request=0xffffff45 fr.pc=0x00000253d0222634 relative=0x0000000000000a54
Event: 1.928 Thread 0x0000025426efebb0 Uncommon trap: reason=unstable_if action=reinterpret pc=0x00000253d0222634 method=java.util.zip.InflaterInputStream.read([BII)I @ 74 c2
Event: 1.928 Thread 0x0000025426efebb0 DEOPT PACKING pc=0x00000253d0222634 sp=0x0000006d4c3fd7b0
Event: 1.928 Thread 0x0000025426efebb0 DEOPT UNPACKING pc=0x00000253cfc37982 sp=0x0000006d4c3fd688 mode 2

Classes loaded (20 events):
Event: 1.699 Loading class java/awt/LightweightDispatcher$2
Event: 1.699 Loading class java/awt/LightweightDispatcher$2 done
Event: 2.004 Loading class java/awt/geom/Path2D$Float$CopyIterator
Event: 2.004 Loading class java/awt/geom/Path2D$Float$CopyIterator done
Event: 2.167 Loading class java/awt/ColorPaintContext
Event: 2.167 Loading class java/awt/PaintContext
Event: 2.167 Loading class java/awt/PaintContext done
Event: 2.167 Loading class java/awt/ColorPaintContext done
Event: 2.167 Loading class sun/java2d/pipe/AlphaPaintPipe$TileContext
Event: 2.167 Loading class sun/java2d/pipe/AlphaPaintPipe$TileContext done
Event: 2.226 Loading class java/nio/file/InvalidPathException
Event: 2.226 Loading class java/nio/file/InvalidPathException done
Event: 2.281 Loading class sun/nio/cs/UTF_16BE$Decoder
Event: 2.281 Loading class sun/nio/cs/UTF_16BE$Decoder done
Event: 2.331 Loading class java/lang/Throwable$WrappedPrintStream
Event: 2.332 Loading class java/lang/Throwable$PrintStreamOrWriter
Event: 2.332 Loading class java/lang/Throwable$PrintStreamOrWriter done
Event: 2.332 Loading class java/lang/Throwable$WrappedPrintStream done
Event: 2.332 Loading class java/lang/StackTraceElement$HashedModules
Event: 2.332 Loading class java/lang/StackTraceElement$HashedModules done

Classes unloaded (0 events):
No events

Classes redefined (0 events):
No events

Internal exceptions (20 events):
Event: 0.701 Thread 0x00000253bdba1f20 Exception <a 'java/lang/NoSuchMethodError'{0x0000000712fd6630}: 'void java.lang.invoke.DirectMethodHandle$Holder.invokeStaticInit(java.lang.Object)'> (0x0000000712fd6630) 
thrown [s\open\src\hotspot\share\interpreter\linkResolver.cpp, line 796]
Event: 0.742 Thread 0x0000025426f50380 Exception <a 'java/lang/NoSuchMethodError'{0x0000000712d55d38}: static [B.<clinit>()V> (0x0000000712d55d38) 
thrown [s\open\src\hotspot\share\prims\jni.cpp, line 1111]
Event: 0.745 Thread 0x0000025426f50380 Exception <a 'java/lang/NoSuchMethodError'{0x0000000712d59ee8}: 'java.lang.Object java.lang.invoke.DirectMethodHandle$Holder.invokeInterface(java.lang.Object, java.lang.Object, java.lang.Object)'> (0x0000000712d59ee8) 
thrown [s\open\src\hotspot\share\interpreter\linkResolver.cpp, line 796]
Event: 0.756 Thread 0x0000025426f50380 Exception <a 'java/lang/ClassNotFoundException'{0x0000000712dfa9e0}: javax/management/remote/rmi/RMIConnectionImpl_Skel> (0x0000000712dfa9e0) 
thrown [s\open\src\hotspot\share\classfile\systemDictionary.cpp, line 313]
Event: 0.757 Thread 0x0000025426efde90 Exception <a 'java/lang/NoSuchMethodError'{0x0000000712aa7460}: 'java.lang.Object java.lang.invoke.Invokers$Holder.linkToTargetMethod(java.lang.Object, long, java.lang.Object)'> (0x0000000712aa7460) 
thrown [s\open\src\hotspot\share\interpreter\linkResolver.cpp, line 796]
Event: 0.768 Thread 0x0000025426f50380 Exception <a 'java/lang/NoSuchMethodError'{0x0000000712b106f0}: 'java.lang.Object java.lang.invoke.DirectMethodHandle$Holder.invokeInterface(java.lang.Object, java.lang.Object)'> (0x0000000712b106f0) 
thrown [s\open\src\hotspot\share\interpreter\linkResolver.cpp, line 796]
Event: 0.779 Thread 0x0000025426f50380 Exception <a 'java/lang/NoSuchMethodError'{0x0000000712b35a78}: 'int java.lang.invoke.DelegatingMethodHandle$Holder.reinvoke_L(java.lang.Object, java.lang.Object, java.lang.Object, java.lang.Object, java.lang.Object)'> (0x0000000712b35a78) 
thrown [s\open\src\hotspot\share\interpreter\linkResolver.cpp, line 796]
Event: 0.796 Thread 0x0000025426f50380 Exception <a 'java/lang/NoSuchMethodError'{0x0000000712b51718}: 'java.lang.Object java.lang.invoke.DirectMethodHandle$Holder.invokeInterface(java.lang.Object, java.lang.Object, java.lang.Object, java.lang.Object, java.lang.Object)'> (0x0000000712b51718) 
thrown [s\open\src\hotspot\share\interpreter\linkResolver.cpp, line 796]
Event: 0.798 Thread 0x0000025426f50380 Exception <a 'java/lang/NoSuchMethodError'{0x0000000712b64c38}: 'double java.lang.invoke.DirectMethodHandle$Holder.invokeInterface(java.lang.Object, java.lang.Object)'> (0x0000000712b64c38) 
thrown [s\open\src\hotspot\share\interpreter\linkResolver.cpp, line 796]
Event: 0.799 Thread 0x0000025426f50380 Exception <a 'java/lang/NoSuchMethodError'{0x0000000712b6c608}: 'double java.lang.invoke.DelegatingMethodHandle$Holder.reinvoke_L(java.lang.Object, java.lang.Object)'> (0x0000000712b6c608) 
thrown [s\open\src\hotspot\share\interpreter\linkResolver.cpp, line 796]
Event: 0.855 Thread 0x00000253bdba1f20 Exception <a 'java/lang/ClassNotFoundException'{0x000000071294e0f0}: sun/util/logging/resources/spi/loggingProvider> (0x000000071294e0f0) 
thrown [s\open\src\hotspot\share\classfile\systemDictionary.cpp, line 313]
Event: 1.159 Thread 0x00000253bdba1f20 Exception <a 'java/lang/NoSuchMethodError'{0x0000000713b6c770}: 'int java.lang.invoke.DirectMethodHandle$Holder.invokeStaticInit(java.lang.Object, java.lang.Object, java.lang.Object)'> (0x0000000713b6c770) 
thrown [s\open\src\hotspot\share\interpreter\linkResolver.cpp, line 796]
Event: 1.184 Thread 0x00000253bdba1f20 Exception <a 'java/lang/NoSuchMethodError'{0x0000000713808a30}: 'java.lang.Object java.lang.invoke.DirectMethodHandle$Holder.newInvokeSpecial(java.lang.Object, java.lang.Object, int, java.lang.Object)'> (0x0000000713808a30) 
thrown [s\open\src\hotspot\share\interpreter\linkResolver.cpp, line 796]
Event: 1.184 Thread 0x00000253bdba1f20 Exception <a 'java/lang/NoSuchMethodError'{0x000000071380c9d0}: 'java.lang.Object java.lang.invoke.DirectMethodHandle$Holder.invokeSpecial(java.lang.Object, java.lang.Object, java.lang.Object, int, java.lang.Object)'> (0x000000071380c9d0) 
thrown [s\open\src\hotspot\share\interpreter\linkResolver.cpp, line 796]
Event: 1.289 Thread 0x0000025426f50380 Exception <a 'java/lang/NoSuchMethodError'{0x000000071371de60}: 'long java.lang.invoke.DirectMethodHandle$Holder.invokeVirtual(java.lang.Object, java.lang.Object)'> (0x000000071371de60) 
thrown [s\open\src\hotspot\share\interpreter\linkResolver.cpp, line 796]
Event: 1.290 Thread 0x0000025426f50380 Exception <a 'java/lang/NoSuchMethodError'{0x0000000713721458}: 'long java.lang.invoke.DelegatingMethodHandle$Holder.reinvoke_L(java.lang.Object, java.lang.Object)'> (0x0000000713721458) 
thrown [s\open\src\hotspot\share\interpreter\linkResolver.cpp, line 796]
Event: 1.297 Thread 0x00000253bdba1f20 Exception <a 'java/lang/NoSuchMethodError'{0x000000071344d040}: 'java.lang.Object java.lang.invoke.DirectMethodHandle$Holder.invokeStaticInit(java.lang.Object, java.lang.Object, java.lang.Object, java.lang.Object)'> (0x000000071344d040) 
thrown [s\open\src\hotspot\share\interpreter\linkResolver.cpp, line 796]
Event: 1.313 Thread 0x0000025426efebb0 Exception <a 'java/lang/NullPointerException'{0x000000071351f2c8}> (0x000000071351f2c8) 
thrown [s\open\src\hotspot\share\interpreter\linkResolver.cpp, line 1389]
Event: 1.349 Thread 0x0000025426f276d0 Exception <a 'java/lang/NoSuchMethodError'{0x00000007136a25e0}: 'void java.lang.invoke.DirectMethodHandle$Holder.invokeVirtual(java.lang.Object, java.lang.Object, java.lang.Object, int, int, int, int, double)'> (0x00000007136a25e0) 
thrown [s\open\src\hotspot\share\interpreter\linkResolver.cpp, line 796]
Event: 1.363 Thread 0x0000025426efebb0 Exception <a 'java/lang/NoSuchMethodError'{0x00000007132a8e68}: 'int java.lang.invoke.DirectMethodHandle$Holder.invokeSpecial(java.lang.Object, java.lang.Object, java.lang.Object, java.lang.Object)'> (0x00000007132a8e68) 
thrown [s\open\src\hotspot\share\interpreter\linkResolver.cpp, line 796]

VM Operations (20 events):
Event: 0.287 Executing VM operation: HandshakeAllThreads (Deoptimize)
Event: 0.287 Executing VM operation: HandshakeAllThreads (Deoptimize) done
Event: 0.291 Executing VM operation: HandshakeAllThreads (Deoptimize)
Event: 0.291 Executing VM operation: HandshakeAllThreads (Deoptimize) done
Event: 0.526 Executing VM operation: HandshakeAllThreads (Deoptimize)
Event: 0.526 Executing VM operation: HandshakeAllThreads (Deoptimize) done
Event: 0.584 Executing VM operation: HandshakeAllThreads (Deoptimize)
Event: 0.584 Executing VM operation: HandshakeAllThreads (Deoptimize) done
Event: 0.755 Executing VM operation: HandshakeAllThreads (Deoptimize)
Event: 0.755 Executing VM operation: HandshakeAllThreads (Deoptimize) done
Event: 0.867 Executing VM operation: HandshakeAllThreads (Deoptimize)
Event: 0.867 Executing VM operation: HandshakeAllThreads (Deoptimize) done
Event: 0.881 Executing VM operation: G1CollectForAllocation (G1 Evacuation Pause)
Event: 0.890 Executing VM operation: G1CollectForAllocation (G1 Evacuation Pause) done
Event: 1.172 Executing VM operation: HandshakeAllThreads (Deoptimize)
Event: 1.172 Executing VM operation: HandshakeAllThreads (Deoptimize) done
Event: 1.329 Executing VM operation: HandshakeAllThreads (Deoptimize)
Event: 1.329 Executing VM operation: HandshakeAllThreads (Deoptimize) done
Event: 1.377 Executing VM operation: HandshakeAllThreads (Deoptimize)
Event: 1.378 Executing VM operation: HandshakeAllThreads (Deoptimize) done

Memory protections (0 events):
No events

Nmethod flushes (0 events):
No events

Events (20 events):
Event: 0.753 Thread 0x0000025426f50380 Thread added: 0x0000025426efde90
Event: 1.128 Thread 0x00000253bdba1f20 Thread added: 0x0000025426f005f0
Event: 1.183 Thread 0x00000253bdba1f20 Thread added: 0x0000025426efe520
Event: 1.186 Thread 0x00000253bdba1f20 Thread added: 0x0000025426efebb0
Event: 1.231 Thread 0x0000025426ee34f0 Thread exited: 0x0000025426ee34f0
Event: 1.285 Thread 0x0000025426eff240 Thread added: 0x0000025426eff240
Event: 1.329 Thread 0x00000253bdba1f20 Thread exited: 0x00000253bdba1f20
Event: 1.329 Thread 0x000002542c3c3880 Thread added: 0x000002542c3c3880
Event: 1.643 Thread 0x00000253dfa95ee0 Thread exited: 0x00000253dfa95ee0
Event: 2.259 Thread 0x0000025426f276d0 Thread added: 0x000002542c3c6670
Event: 2.259 Thread 0x0000025426f276d0 Thread added: 0x000002542c3c17b0
Event: 2.259 Thread 0x0000025426f276d0 Thread added: 0x000002542c3c1e40
Event: 2.259 Thread 0x0000025426f276d0 Thread added: 0x000002542c3c2b60
Event: 2.259 Thread 0x0000025426f276d0 Thread added: 0x000002542c3c1120
Event: 2.259 Thread 0x000002542c3c1e40 Thread exited: 0x000002542c3c1e40
Event: 2.260 Thread 0x000002542c3c2b60 Thread exited: 0x000002542c3c2b60
Event: 2.260 Thread 0x000002542c3c17b0 Thread exited: 0x000002542c3c17b0
Event: 2.260 Thread 0x000002542c3c6670 Thread exited: 0x000002542c3c6670
Event: 2.277 Thread 0x0000025426f005f0 Thread exited: 0x0000025426f005f0
Event: 2.277 Thread 0x0000025425036cf0 Thread exited: 0x0000025425036cf0


Dynamic libraries:
0x00007ff619970000 - 0x00007ff61997e000 	C:\Users\Abii\.jdks\openjdk-23\bin\java.exe
0x00007ffd2cf50000 - 0x00007ffd2d148000 	C:\Windows\SYSTEM32\ntdll.dll
0x00007ffd2c920000 - 0x00007ffd2c9e2000 	C:\Windows\System32\KERNEL32.DLL
0x00007ffd2a810000 - 0x00007ffd2ab0e000 	C:\Windows\System32\KERNELBASE.dll
0x00007ffd2a5f0000 - 0x00007ffd2a6f0000 	C:\Windows\System32\ucrtbase.dll
0x00007ffd233b0000 - 0x00007ffd233c7000 	C:\Users\Abii\.jdks\openjdk-23\bin\jli.dll
0x00007ffd22470000 - 0x00007ffd2248b000 	C:\Users\Abii\.jdks\openjdk-23\bin\VCRUNTIME140.dll
0x00007ffd2b020000 - 0x00007ffd2b1bd000 	C:\Windows\System32\USER32.dll
0x00007ffd2abb0000 - 0x00007ffd2abd2000 	C:\Windows\System32\win32u.dll
0x00007ffd2aff0000 - 0x00007ffd2b01b000 	C:\Windows\System32\GDI32.dll
0x00007ffd15bf0000 - 0x00007ffd15e8a000 	C:\Windows\WinSxS\amd64_microsoft.windows.common-controls_6595b64144ccf1df_6.0.19041.4355_none_60b8b9eb71f62e16\COMCTL32.dll
0x00007ffd2a6f0000 - 0x00007ffd2a807000 	C:\Windows\System32\gdi32full.dll
0x00007ffd2c080000 - 0x00007ffd2c11e000 	C:\Windows\System32\msvcrt.dll
0x00007ffd2ab10000 - 0x00007ffd2abad000 	C:\Windows\System32\msvcp_win.dll
0x00007ffd2bd20000 - 0x00007ffd2bd4f000 	C:\Windows\System32\IMM32.DLL
0x00007ffd239d0000 - 0x00007ffd239dc000 	C:\Users\Abii\.jdks\openjdk-23\bin\vcruntime140_1.dll
0x00007ffd0d0c0000 - 0x00007ffd0d14e000 	C:\Users\Abii\.jdks\openjdk-23\bin\msvcp140.dll
0x00007ffcd3f20000 - 0x00007ffcd4c6f000 	C:\Users\Abii\.jdks\openjdk-23\bin\server\jvm.dll
0x00007ffd2bc60000 - 0x00007ffd2bd11000 	C:\Windows\System32\ADVAPI32.dll
0x00007ffd2ca80000 - 0x00007ffd2cb1f000 	C:\Windows\System32\sechost.dll
0x00007ffd2b290000 - 0x00007ffd2b3b3000 	C:\Windows\System32\RPCRT4.dll
0x00007ffd2ace0000 - 0x00007ffd2ad07000 	C:\Windows\System32\bcrypt.dll
0x00007ffd2bfb0000 - 0x00007ffd2c01b000 	C:\Windows\System32\WS2_32.dll
0x00007ffd29b40000 - 0x00007ffd29b8b000 	C:\Windows\SYSTEM32\POWRPROF.dll
0x00007ffd1be50000 - 0x00007ffd1be77000 	C:\Windows\SYSTEM32\WINMM.dll
0x00007ffd1eb70000 - 0x00007ffd1eb7a000 	C:\Windows\SYSTEM32\VERSION.dll
0x00007ffd299f0000 - 0x00007ffd29a02000 	C:\Windows\SYSTEM32\UMPDC.dll
0x00007ffd28e10000 - 0x00007ffd28e22000 	C:\Windows\SYSTEM32\kernel.appcore.dll
0x00007ffd23970000 - 0x00007ffd2397a000 	C:\Users\Abii\.jdks\openjdk-23\bin\jimage.dll
0x00007ffd28b40000 - 0x00007ffd28d24000 	C:\Windows\SYSTEM32\DBGHELP.DLL
0x00007ffd1e0c0000 - 0x00007ffd1e0f4000 	C:\Windows\SYSTEM32\dbgcore.DLL
0x00007ffd2ad80000 - 0x00007ffd2ae02000 	C:\Windows\System32\bcryptPrimitives.dll
0x00007ffd23850000 - 0x00007ffd2385f000 	C:\Users\Abii\.jdks\openjdk-23\bin\instrument.dll
0x00007ffd21fb0000 - 0x00007ffd21fce000 	C:\Users\Abii\.jdks\openjdk-23\bin\java.dll
0x00007ffd2b3c0000 - 0x00007ffd2b4eb000 	C:\Windows\System32\ole32.dll
0x00007ffd2cbb0000 - 0x00007ffd2cf03000 	C:\Windows\System32\combase.dll
0x00007ffd2b4f0000 - 0x00007ffd2bc5d000 	C:\Windows\System32\SHELL32.dll
0x00007ffd25af0000 - 0x00007ffd26294000 	C:\Windows\SYSTEM32\windows.storage.dll
0x00007ffd2a020000 - 0x00007ffd2a04e000 	C:\Windows\SYSTEM32\Wldp.dll
0x00007ffd2b1c0000 - 0x00007ffd2b28d000 	C:\Windows\System32\OLEAUT32.dll
0x00007ffd2bd50000 - 0x00007ffd2bdfd000 	C:\Windows\System32\SHCORE.dll
0x00007ffd2c5a0000 - 0x00007ffd2c5f5000 	C:\Windows\System32\shlwapi.dll
0x00007ffd2a520000 - 0x00007ffd2a544000 	C:\Windows\SYSTEM32\profapi.dll
0x00007ffcf0720000 - 0x00007ffcf07f7000 	C:\Users\Abii\.jdks\openjdk-23\bin\jsvml.dll
0x00007ffd21ea0000 - 0x00007ffd21eb7000 	C:\Users\Abii\.jdks\openjdk-23\bin\zip.dll
0x00007ffd23820000 - 0x00007ffd23830000 	C:\Users\Abii\.jdks\openjdk-23\bin\net.dll
0x00007ffd29d80000 - 0x00007ffd29dea000 	C:\Windows\system32\mswsock.dll
0x00007ffd21f90000 - 0x00007ffd21fa6000 	C:\Users\Abii\.jdks\openjdk-23\bin\nio.dll
0x00007ffd20fd0000 - 0x00007ffd20fea000 	C:\Program Files\JetBrains\IntelliJ IDEA 2024.2.1\bin\breakgen64.dll
0x00007ffd21e80000 - 0x00007ffd21e89000 	C:\Users\Abii\.jdks\openjdk-23\bin\extnet.dll
0x00007ffcf0590000 - 0x00007ffcf071d000 	C:\Users\Abii\.jdks\openjdk-23\bin\awt.dll
0x00007ffd22340000 - 0x00007ffd223d4000 	C:\Windows\SYSTEM32\apphelp.dll
0x00007ffd25250000 - 0x00007ffd252ee000 	C:\Windows\system32\uxtheme.dll
0x00007ffd2c720000 - 0x00007ffd2c835000 	C:\Windows\System32\MSCTF.dll
0x00007ffd29a50000 - 0x00007ffd29b1a000 	C:\Windows\SYSTEM32\DNSAPI.dll
0x00007ffd29a10000 - 0x00007ffd29a4b000 	C:\Windows\SYSTEM32\IPHLPAPI.DLL
0x00007ffd2cb80000 - 0x00007ffd2cb88000 	C:\Windows\System32\NSI.dll
0x00007ffd1f920000 - 0x00007ffd1f92a000 	C:\Windows\System32\rasadhlp.dll
0x00007ffd1f3c0000 - 0x00007ffd1f440000 	C:\Windows\System32\fwpuclnt.dll
0x00007ffd25400000 - 0x00007ffd2542f000 	C:\Windows\system32\DWMAPI.DLL
0x00007ffd20ce0000 - 0x00007ffd20cea000 	C:\Users\Abii\.jdks\openjdk-23\bin\management.dll
0x00007ffd1f750000 - 0x00007ffd1f75b000 	C:\Users\Abii\.jdks\openjdk-23\bin\management_ext.dll
0x00007ffd2c590000 - 0x00007ffd2c598000 	C:\Windows\System32\PSAPI.DLL
0x00007ffcf3810000 - 0x00007ffcf3897000 	C:\Users\Abii\.jdks\openjdk-23\bin\freetype.dll
0x00007ffce3710000 - 0x00007ffce37e7000 	C:\Users\Abii\.jdks\openjdk-23\bin\fontmanager.dll
0x00007ffcf7160000 - 0x00007ffcf7288000 	C:\Windows\system32\opengl32.dll
0x00007ffd1fd20000 - 0x00007ffd1fd4c000 	C:\Windows\SYSTEM32\GLU32.dll
0x00007ffd1e520000 - 0x00007ffd1e527000 	C:\Users\Abii\.jdks\openjdk-23\bin\jawt.dll
0x00007ffd1e510000 - 0x00007ffd1e516000 	C:\Users\Abii\AppData\Local\Temp\flatlaf.temp\flatlaf-windows-x86_64-11885319959563000.dll
0x00007ffd29f70000 - 0x00007ffd29f88000 	C:\Windows\SYSTEM32\CRYPTSP.dll
0x00007ffd29630000 - 0x00007ffd29664000 	C:\Windows\system32\rsaenh.dll
0x00007ffd2a4e0000 - 0x00007ffd2a50e000 	C:\Windows\SYSTEM32\USERENV.dll
0x00007ffd29f90000 - 0x00007ffd29f9c000 	C:\Windows\SYSTEM32\CRYPTBASE.dll
0x00007ffcfdfd0000 - 0x00007ffcfdfe7000 	C:\Windows\system32\napinsp.dll
0x00007ffcfdfb0000 - 0x00007ffcfdfcb000 	C:\Windows\system32\pnrpnsp.dll
0x00007ffd243f0000 - 0x00007ffd24405000 	C:\Windows\system32\wshbth.dll
0x00007ffd24100000 - 0x00007ffd2411d000 	C:\Windows\system32\NLAapi.dll
0x00007ffcfdf40000 - 0x00007ffcfdf52000 	C:\Windows\System32\winrnr.dll
0x00007ffd13de0000 - 0x00007ffd13e31000 	C:\Windows\SYSTEM32\pdh.dll
0x00000253dfdc0000 - 0x00000253dfdc3000 	C:\Users\Abii\.openjfx\cache\22+30\amd64\api-ms-win-core-console-l1-1-0.dll
0x00000253dfdd0000 - 0x00000253dfdd3000 	C:\Users\Abii\.openjfx\cache\22+30\amd64\api-ms-win-core-console-l1-2-0.dll
0x00000253dfde0000 - 0x00000253dfde3000 	C:\Users\Abii\.openjfx\cache\22+30\amd64\api-ms-win-core-datetime-l1-1-0.dll
0x00000253dff00000 - 0x00000253dff03000 	C:\Users\Abii\.openjfx\cache\22+30\amd64\api-ms-win-core-debug-l1-1-0.dll
0x00000253dff10000 - 0x00000253dff13000 	C:\Users\Abii\.openjfx\cache\22+30\amd64\api-ms-win-core-errorhandling-l1-1-0.dll
0x00000253dff20000 - 0x00000253dff24000 	C:\Users\Abii\.openjfx\cache\22+30\amd64\api-ms-win-core-file-l1-1-0.dll
0x00000253dff30000 - 0x00000253dff33000 	C:\Users\Abii\.openjfx\cache\22+30\amd64\api-ms-win-core-file-l1-2-0.dll
0x00000253dff70000 - 0x00000253dff73000 	C:\Users\Abii\.openjfx\cache\22+30\amd64\api-ms-win-core-file-l2-1-0.dll
0x00000253dff40000 - 0x00000253dff43000 	C:\Users\Abii\.openjfx\cache\22+30\amd64\api-ms-win-core-handle-l1-1-0.dll
0x00000253dff50000 - 0x00000253dff53000 	C:\Users\Abii\.openjfx\cache\22+30\amd64\api-ms-win-core-heap-l1-1-0.dll
0x00000253dff60000 - 0x00000253dff63000 	C:\Users\Abii\.openjfx\cache\22+30\amd64\api-ms-win-core-interlocked-l1-1-0.dll
0x00000253dffa0000 - 0x00000253dffa3000 	C:\Users\Abii\.openjfx\cache\22+30\amd64\api-ms-win-core-libraryloader-l1-1-0.dll
0x00000253dffb0000 - 0x00000253dffb3000 	C:\Users\Abii\.openjfx\cache\22+30\amd64\api-ms-win-core-localization-l1-2-0.dll
0x00000253dffc0000 - 0x00000253dffc3000 	C:\Users\Abii\.openjfx\cache\22+30\amd64\api-ms-win-core-memory-l1-1-0.dll
0x00000253dfff0000 - 0x00000253dfff3000 	C:\Users\Abii\.openjfx\cache\22+30\amd64\api-ms-win-core-namedpipe-l1-1-0.dll
0x00000253dff80000 - 0x00000253dff83000 	C:\Users\Abii\.openjfx\cache\22+30\amd64\api-ms-win-core-processenvironment-l1-1-0.dll
0x00000253dff90000 - 0x00000253dff93000 	C:\Users\Abii\.openjfx\cache\22+30\amd64\api-ms-win-core-processthreads-l1-1-0.dll
0x00000253dffd0000 - 0x00000253dffd3000 	C:\Users\Abii\.openjfx\cache\22+30\amd64\api-ms-win-core-processthreads-l1-1-1.dll
0x00000253dffe0000 - 0x00000253dffe3000 	C:\Users\Abii\.openjfx\cache\22+30\amd64\api-ms-win-core-profile-l1-1-0.dll
0x0000025426200000 - 0x0000025426203000 	C:\Users\Abii\.openjfx\cache\22+30\amd64\api-ms-win-core-rtlsupport-l1-1-0.dll
0x0000025426210000 - 0x0000025426213000 	C:\Users\Abii\.openjfx\cache\22+30\amd64\api-ms-win-core-string-l1-1-0.dll
0x0000025426220000 - 0x0000025426223000 	C:\Users\Abii\.openjfx\cache\22+30\amd64\api-ms-win-core-synch-l1-1-0.dll
0x00000254262c0000 - 0x00000254262c3000 	C:\Users\Abii\.openjfx\cache\22+30\amd64\api-ms-win-core-synch-l1-2-0.dll
0x0000025426230000 - 0x0000025426233000 	C:\Users\Abii\.openjfx\cache\22+30\amd64\api-ms-win-core-sysinfo-l1-1-0.dll
0x0000025426240000 - 0x0000025426243000 	C:\Users\Abii\.openjfx\cache\22+30\amd64\api-ms-win-core-timezone-l1-1-0.dll
0x0000025426250000 - 0x0000025426253000 	C:\Users\Abii\.openjfx\cache\22+30\amd64\api-ms-win-core-util-l1-1-0.dll
0x0000025426260000 - 0x0000025426263000 	C:\Users\Abii\.openjfx\cache\22+30\amd64\api-ms-win-crt-conio-l1-1-0.dll
0x0000025426290000 - 0x0000025426294000 	C:\Users\Abii\.openjfx\cache\22+30\amd64\api-ms-win-crt-convert-l1-1-0.dll
0x0000025426270000 - 0x0000025426273000 	C:\Users\Abii\.openjfx\cache\22+30\amd64\api-ms-win-crt-environment-l1-1-0.dll
0x0000025426280000 - 0x0000025426283000 	C:\Users\Abii\.openjfx\cache\22+30\amd64\api-ms-win-crt-filesystem-l1-1-0.dll
0x00000254262a0000 - 0x00000254262a3000 	C:\Users\Abii\.openjfx\cache\22+30\amd64\api-ms-win-crt-heap-l1-1-0.dll
0x00000254262b0000 - 0x00000254262b3000 	C:\Users\Abii\.openjfx\cache\22+30\amd64\api-ms-win-crt-locale-l1-1-0.dll
0x00000254262d0000 - 0x00000254262d5000 	C:\Users\Abii\.openjfx\cache\22+30\amd64\api-ms-win-crt-math-l1-1-0.dll
0x0000025426300000 - 0x0000025426305000 	C:\Users\Abii\.openjfx\cache\22+30\amd64\api-ms-win-crt-multibyte-l1-1-0.dll
0x00000254262e0000 - 0x00000254262f0000 	C:\Users\Abii\.openjfx\cache\22+30\amd64\api-ms-win-crt-private-l1-1-0.dll
0x00000254262f0000 - 0x00000254262f3000 	C:\Users\Abii\.openjfx\cache\22+30\amd64\api-ms-win-crt-process-l1-1-0.dll
0x0000025426510000 - 0x0000025426514000 	C:\Users\Abii\.openjfx\cache\22+30\amd64\api-ms-win-crt-runtime-l1-1-0.dll
0x0000025426310000 - 0x0000025426314000 	C:\Users\Abii\.openjfx\cache\22+30\amd64\api-ms-win-crt-stdio-l1-1-0.dll
0x0000025426320000 - 0x0000025426324000 	C:\Users\Abii\.openjfx\cache\22+30\amd64\api-ms-win-crt-string-l1-1-0.dll
0x0000025426350000 - 0x0000025426353000 	C:\Users\Abii\.openjfx\cache\22+30\amd64\api-ms-win-crt-time-l1-1-0.dll
0x0000025426330000 - 0x0000025426333000 	C:\Users\Abii\.openjfx\cache\22+30\amd64\api-ms-win-crt-utility-l1-1-0.dll
0x00007ffce3510000 - 0x00007ffce360c000 	C:\Users\Abii\.openjfx\cache\22+30\amd64\ucrtbase.dll
0x00007ffd1e400000 - 0x00007ffd1e41b000 	C:\Users\Abii\.openjfx\cache\22+30\amd64\vcruntime140.dll
0x00007ffd1e220000 - 0x00007ffd1e22c000 	C:\Users\Abii\.openjfx\cache\22+30\amd64\vcruntime140_1.dll
0x00007ffcf36e0000 - 0x00007ffcf376e000 	C:\Users\Abii\.openjfx\cache\22+30\amd64\msvcp140.dll
0x00007ffd185b0000 - 0x00007ffd185b9000 	C:\Users\Abii\.openjfx\cache\22+30\amd64\msvcp140_1.dll
0x00007ffd0d070000 - 0x00007ffd0d0b1000 	C:\Users\Abii\.openjfx\cache\22+30\amd64\msvcp140_2.dll
0x00007ffd144c0000 - 0x00007ffd144f0000 	C:\Users\Abii\.openjfx\cache\22+30\amd64\prism_d3d.dll
0x00007ffcc6970000 - 0x00007ffcc6b41000 	C:\Windows\system32\d3d9.dll

dbghelp: loaded successfully - version: 4.0.5 - missing functions: none
symbol engine: initialized successfully - sym options: 0x614 - pdb path: .;C:\Users\Abii\.jdks\openjdk-23\bin;C:\Windows\SYSTEM32;C:\Windows\WinSxS\amd64_microsoft.windows.common-controls_6595b64144ccf1df_6.0.19041.4355_none_60b8b9eb71f62e16;C:\Users\Abii\.jdks\openjdk-23\bin\server;C:\Program Files\JetBrains\IntelliJ IDEA 2024.2.1\bin;C:\Users\Abii\AppData\Local\Temp\flatlaf.temp;C:\Users\Abii\.openjfx\cache\22+30\amd64;C:\Windows\System32\DriverStore\FileRepository\iigd_dch.inf_amd64_f63934308f6cc308

VM Arguments:
jvm_args: -javaagent:C:\Program Files\JetBrains\IntelliJ IDEA 2024.2.1\lib\idea_rt.jar=59584:C:\Program Files\JetBrains\IntelliJ IDEA 2024.2.1\bin -Dfile.encoding=UTF-8 -Dsun.stdout.encoding=UTF-8 -Dsun.stderr.encoding=UTF-8 
java_command: org.dam47.App
java_class_path (initial): C:\Users\Abii\consultaMedica\target\classes;C:\Users\Abii\.m2\repository\com\jgoodies\jgoodies-forms\1.9.0\jgoodies-forms-1.9.0.jar;C:\Users\Abii\.m2\repository\com\jgoodies\jgoodies-common\1.8.1\jgoodies-common-1.8.1.jar;C:\Users\Abii\.m2\repository\com\formdev\flatlaf\3.0\flatlaf-3.0.jar;C:\Users\Abii\.m2\repository\org\openjfx\javafx-swing\22\javafx-swing-22.jar;C:\Users\Abii\.m2\repository\org\openjfx\javafx-swing\22\javafx-swing-22-win.jar;C:\Users\Abii\.m2\repository\org\openjfx\javafx-graphics\22\javafx-graphics-22.jar;C:\Users\Abii\.m2\repository\org\openjfx\javafx-graphics\22\javafx-graphics-22-win.jar;C:\Users\Abii\.m2\repository\org\openjfx\javafx-base\22\javafx-base-22.jar;C:\Users\Abii\.m2\repository\org\openjfx\javafx-base\22\javafx-base-22-win.jar;C:\Users\Abii\.m2\repository\org\openjfx\javafx-controls\22.0.2\javafx-controls-22.0.2.jar;C:\Users\Abii\.m2\repository\org\openjfx\javafx-controls\22.0.2\javafx-controls-22.0.2-win.jar;C:\Users\Abii\.m2\repository\org\openjfx\javafx-web\22.0.2\javafx-web-22.0.2.jar;C:\Users\Abii\.m2\repository\org\openjfx\javafx-web\22.0.2\javafx-web-22.0.2-win.jar;C:\Users\Abii\.m2\repository\org\openjfx\javafx-media\22.0.2\javafx-media-22.0.2.jar;C:\Users\Abii\.m2\repository\org\openjfx\javafx-media\22.0.2\javafx-media-22.0.2-win.jar;C:\Users\Abii\.m2\repository\com\formdev\flatlaf-extras\3.4.1\flatlaf-extras-3.4.1.jar;C:\Users\Abii\.m2\repository\com\github\weisj\jsvg\1.4.0\jsvg-1.4.0.jar;C:\Users\Abii\.m2\repository\org\postgresql\postgresql\42.7.3\postgresql-42.7.3.jar;C:\Users\Abii\.m2\repository\org\checkerframework\checker-qual\3.42.0\checker-qual-3.42.0.jar;C:\Users\Abii\.m2\repository\com\github\lgooddatepicker\LGoodDatePicker\11.2.1\LGoodDatePicker-11.2.1.jar;C:\Users\Abii\.m2\repository\com\github\mwiede\jsch\0.2.19\jsch-0.2.19.jar
Launcher Type: SUN_STANDARD

[Global flags]
     intx CICompilerCount                          = 4                                         {product} {ergonomic}
     uint ConcGCThreads                            = 3                                         {product} {ergonomic}
     uint G1ConcRefinementThreads                  = 10                                        {product} {ergonomic}
   size_t G1HeapRegionSize                         = 2097152                                   {product} {ergonomic}
   size_t InitialHeapSize                          = 264241152                                 {product} {ergonomic}
   size_t MarkStackSize                            = 4194304                                   {product} {ergonomic}
   size_t MarkStackSizeMax                         = 536870912                                 {product} {ergonomic}
   size_t MaxHeapSize                              = 4223664128                                {product} {ergonomic}
   size_t MaxNewSize                               = 2533359616                                {product} {ergonomic}
   size_t MinHeapDeltaBytes                        = 2097152                                   {product} {ergonomic}
   size_t MinHeapSize                              = 8388608                                   {product} {ergonomic}
    uintx NonNMethodCodeHeapSize                   = 5832704                                {pd product} {ergonomic}
    uintx NonProfiledCodeHeapSize                  = 122945536                              {pd product} {ergonomic}
    uintx ProfiledCodeHeapSize                     = 122880000                              {pd product} {ergonomic}
    uintx ReservedCodeCacheSize                    = 251658240                              {pd product} {ergonomic}
     bool SegmentedCodeCache                       = true                                      {product} {ergonomic}
   size_t SoftMaxHeapSize                          = 4223664128                             {manageable} {ergonomic}
     bool UseCompressedOops                        = true                           {product lp64_product} {ergonomic}
     bool UseG1GC                                  = true                                      {product} {ergonomic}
     bool UseLargePagesIndividualAllocation        = false                                  {pd product} {ergonomic}

Logging:
Log output configuration:
 #0: stdout all=warning uptime,level,tags foldmultilines=false
 #1: stderr all=off uptime,level,tags foldmultilines=false

Environment Variables:
PATH=C:\Program Files\Common Files\Oracle\Java\javapath;C:\app\Abii\product\21c\dbhomeXE\bin;C:\Program Files (x86)\VMware\VMware Player\bin\;C:\Windows\system32;C:\Windows;C:\Windows\System32\Wbem;C:\Windows\System32\WindowsPowerShell\v1.0\;C:\Windows\System32\OpenSSH\;C:\Program Files\PuTTY\;C:\Program Files (x86)\BaseX\bin;C:\Program Files\Git\cmd;C:\Program Files\dotnet\;C:\Users\Abii\AppData\Local\Microsoft\WindowsApps;;C:\Users\Abii\AppData\Local\Programs\Microsoft VS Code\bin;C:\Users\Abii\AppData\Local\JetBrains\PyCharm 2024.2.4\bin;;C:\Users\Abii\.dotnet\tools
USERNAME=Abii
OS=Windows_NT
PROCESSOR_IDENTIFIER=Intel64 Family 6 Model 141 Stepping 1, GenuineIntel
TMP=C:\Users\Abii\AppData\Local\Temp
TEMP=C:\Users\Abii\AppData\Local\Temp




Periodic native trim disabled

---------------  S Y S T E M  ---------------

OS:
 Windows 10 , 64 bit Build 19041 (10.0.19041.5072)
OS uptime: 13 days 18:08 hours

CPU: total 12 (initial active 12) (6 cores per cpu, 2 threads per core) family 6 model 141 stepping 1 microcode 0x34, cx8, cmov, fxsr, ht, mmx, 3dnowpref, sse, sse2, sse3, ssse3, sse4.1, sse4.2, popcnt, lzcnt, tsc, tscinvbit, avx, avx2, aes, erms, clmul, bmi1, bmi2, adx, avx512f, avx512dq, avx512cd, avx512bw, avx512vl, sha, fma, vzeroupper, avx512_vpopcntdq, avx512_vpclmulqdq, avx512_vaes, avx512_vnni, clflush, clflushopt, clwb, avx512_vbmi2, avx512_vbmi, rdtscp, rdpid, fsrm, gfni, avx512_bitalg, f16c, pku, cet_ibt, cet_ss, avx512_ifma
Processor Information for the first 12 processors :
  Max Mhz: 2688, Current Mhz: 2688, Mhz Limit: 2688

Memory: 4k page, system-wide physical 16106M (3544M free)
TotalPageFile size 29930M (AvailPageFile size 11825M)
current process WorkingSet (physical memory assigned to process): 155M, peak: 171M
current process commit charge ("private bytes"): 409M, peak: 432M

vm_info: OpenJDK 64-Bit Server VM (23+37-2369) for windows-amd64 JRE (23+37-2369), built on 2024-08-20T16:01:23Z with MS VC++ 17.6 (VS2022)

END.
